#
# There is insufficient memory for the Java Runtime Environment to continue.
# Native memory allocation (malloc) failed to allocate 802336 bytes. Error detail: Chunk::new
# Possible reasons:
#   The system is out of physical RAM or swap space
#   This process is running with CompressedOops enabled, and the Java Heap may be blocking the growth of the native heap
# Possible solutions:
#   Reduce memory load on the system
#   Increase physical memory or swap space
#   Check if swap backing store is full
#   Decrease Java heap size (-Xmx/-Xms)
#   Decrease number of Java threads
#   Decrease Java thread stack sizes (-Xss)
#   Set larger code cache with -XX:ReservedCodeCacheSize=
#   JVM is running with Unscaled Compressed Oops mode in which the Java heap is
#     placed in the first 4GB address space. The Java Heap base address is the
#     maximum limit for the native heap growth. Please use -XX:HeapBaseMinAddress
#     to set the Java Heap base and to place the Java Heap above 4GB virtual address.
# This output file may be truncated or incomplete.
#
#  Out of Memory Error (arena.cpp:191), pid=12820, tid=4236
#
# JRE version: OpenJDK Runtime Environment Corretto-17.0.14.7.1 (17.0.14+7) (build 17.0.14+7-LTS)
# Java VM: OpenJDK 64-Bit Server VM Corretto-17.0.14.7.1 (17.0.14+7-LTS, mixed mode, sharing, tiered, compressed oops, compressed class ptrs, g1 gc, windows-amd64)
# No core dump will be written. Minidumps are not enabled by default on client versions of Windows
#

---------------  S U M M A R Y ------------

Command Line: -javaagent:D:\IntelliJ IDEA Community Edition 2024.3.5\lib\idea_rt.jar=55125 -Dfile.encoding=UTF-8 com.moviebooking.MovieBookingApplication

Host: 11th Gen Intel(R) Core(TM) i5-1135G7 @ 2.40GHz, 8 cores, 3G,  Windows 11 , 64 bit Build 22621 (10.0.22621.5262)
Time: Sun May 18 15:29:31 2025 SE Asia Standard Time elapsed time: 42.855049 seconds (0d 0h 0m 42s)

---------------  T H R E A D  ---------------

Current thread (0x0000020953ce89a0):  JavaThread "C2 CompilerThread0" daemon [_thread_in_native, id=4236, stack(0x00000033cbb00000,0x00000033cbc00000)]


Current CompileTask:
C2:  42855 9913       4       org.springframework.beans.factory.support.AbstractBeanFactory::isTypeMatch (745 bytes)

Stack: [0x00000033cbb00000,0x00000033cbc00000]
Native frames: (J=compiled Java code, j=interpreted, Vv=VM code, C=native code)
V  [jvm.dll+0x681069]
V  [jvm.dll+0x838cca]
V  [jvm.dll+0x83a78e]
V  [jvm.dll+0x83adf3]
V  [jvm.dll+0x24826f]
V  [jvm.dll+0xac9f4]
V  [jvm.dll+0xad03c]
V  [jvm.dll+0x2af8ef]
V  [jvm.dll+0x5874f7]
V  [jvm.dll+0x2230d2]
V  [jvm.dll+0x21bfbd]
V  [jvm.dll+0x219ae1]
V  [jvm.dll+0x1a599d]
V  [jvm.dll+0x22994d]
V  [jvm.dll+0x227adc]
V  [jvm.dll+0x7edb77]
V  [jvm.dll+0x7e7f6c]
V  [jvm.dll+0x67ff37]
C  [ucrtbase.dll+0x29333]
C  [KERNEL32.DLL+0x1259d]
C  [ntdll.dll+0x5af58]


---------------  P R O C E S S  ---------------

Threads class SMR info:
_java_thread_list=0x000002099d608b60, length=34, elements={
0x0000020953ccb680, 0x0000020953ccc150, 0x0000020953ce0100, 0x0000020953ce0bd0,
0x0000020953ce34b0, 0x0000020953ce5d90, 0x0000020953ce89a0, 0x0000020953cec7b0,
0x0000020953ced8a0, 0x0000020953cb2730, 0x0000020999578850, 0x0000020999578d30,
0x000002099c97c010, 0x000002099a2716e0, 0x000002099a272610, 0x000002099a272b20,
0x000002099a2707b0, 0x000002099a2711d0, 0x000002099d384410, 0x000002099d3839f0,
0x000002099d382ac0, 0x000002099d385850, 0x000002099d385d60, 0x000002099d381170,
0x000002099d384e30, 0x000002099d382fd0, 0x000002099d385340, 0x000002099d37e8f0,
0x000002099d386270, 0x000002099d37f310, 0x000002099d37ee00, 0x000002099d37f820,
0x000002099d3834e0, 0x000002099d37fd30
}

Java Threads: ( => current thread )
  0x0000020953ccb680 JavaThread "Reference Handler" daemon [_thread_blocked, id=11408, stack(0x00000033cb500000,0x00000033cb600000)]
  0x0000020953ccc150 JavaThread "Finalizer" daemon [_thread_blocked, id=4736, stack(0x00000033cb600000,0x00000033cb700000)]
  0x0000020953ce0100 JavaThread "Signal Dispatcher" daemon [_thread_blocked, id=5088, stack(0x00000033cb700000,0x00000033cb800000)]
  0x0000020953ce0bd0 JavaThread "Attach Listener" daemon [_thread_blocked, id=3664, stack(0x00000033cb800000,0x00000033cb900000)]
  0x0000020953ce34b0 JavaThread "Service Thread" daemon [_thread_blocked, id=6840, stack(0x00000033cb900000,0x00000033cba00000)]
  0x0000020953ce5d90 JavaThread "Monitor Deflation Thread" daemon [_thread_blocked, id=9152, stack(0x00000033cba00000,0x00000033cbb00000)]
=>0x0000020953ce89a0 JavaThread "C2 CompilerThread0" daemon [_thread_in_native, id=4236, stack(0x00000033cbb00000,0x00000033cbc00000)]
  0x0000020953cec7b0 JavaThread "C1 CompilerThread0" daemon [_thread_blocked, id=12280, stack(0x00000033cbc00000,0x00000033cbd00000)]
  0x0000020953ced8a0 JavaThread "Sweeper thread" daemon [_thread_blocked, id=10744, stack(0x00000033cbd00000,0x00000033cbe00000)]
  0x0000020953cb2730 JavaThread "Common-Cleaner" daemon [_thread_blocked, id=12660, stack(0x00000033cbe00000,0x00000033cbf00000)]
  0x0000020999578850 JavaThread "Monitor Ctrl-Break" daemon [_thread_in_native, id=7576, stack(0x00000033cbf00000,0x00000033cc000000)]
  0x0000020999578d30 JavaThread "Notification Thread" daemon [_thread_blocked, id=6872, stack(0x00000033cc000000,0x00000033cc100000)]
  0x000002099c97c010 JavaThread "mysql-cj-abandoned-connection-cleanup" daemon [_thread_blocked, id=14192, stack(0x00000033cc900000,0x00000033cca00000)]
  0x000002099a2716e0 JavaThread "HikariPool-1 housekeeper" daemon [_thread_blocked, id=11188, stack(0x00000033cce00000,0x00000033ccf00000)]
  0x000002099a272610 JavaThread "Catalina-utility-1" [_thread_blocked, id=8780, stack(0x00000033cd000000,0x00000033cd100000)]
  0x000002099a272b20 JavaThread "Catalina-utility-2" [_thread_blocked, id=14168, stack(0x00000033cd100000,0x00000033cd200000)]
  0x000002099a2707b0 JavaThread "container-0" [_thread_blocked, id=4536, stack(0x00000033cd200000,0x00000033cd300000)]
  0x000002099a2711d0 JavaThread "lettuce-timer-3-1" daemon [_thread_blocked, id=10928, stack(0x00000033cd300000,0x00000033cd400000)]
  0x000002099d384410 JavaThread "RateLimitExecutorDelayThread" daemon [_thread_blocked, id=5692, stack(0x00000033cd400000,0x00000033cd500000)]
  0x000002099d3839f0 JavaThread "File Watcher" daemon [_thread_blocked, id=11924, stack(0x00000033ccf00000,0x00000033cd000000)]
  0x000002099d382ac0 JavaThread "Live Reload Server" daemon [_thread_in_native, id=3424, stack(0x00000033cd600000,0x00000033cd700000)]
  0x000002099d385850 JavaThread "http-nio-8080-exec-1" daemon [_thread_in_vm, id=13260, stack(0x00000033cd500000,0x00000033cd600000)]
  0x000002099d385d60 JavaThread "http-nio-8080-exec-2" daemon [_thread_in_vm, id=7852, stack(0x00000033cd700000,0x00000033cd800000)]
  0x000002099d381170 JavaThread "http-nio-8080-exec-3" daemon [_thread_in_vm, id=13636, stack(0x00000033cd800000,0x00000033cd900000)]
  0x000002099d384e30 JavaThread "http-nio-8080-exec-4" daemon [_thread_in_vm, id=10932, stack(0x00000033cd900000,0x00000033cda00000)]
  0x000002099d382fd0 JavaThread "http-nio-8080-exec-5" daemon [_thread_blocked, id=7776, stack(0x00000033cda00000,0x00000033cdb00000)]
  0x000002099d385340 JavaThread "http-nio-8080-exec-6" daemon [_thread_blocked, id=13068, stack(0x00000033cdb00000,0x00000033cdc00000)]
  0x000002099d37e8f0 JavaThread "http-nio-8080-exec-7" daemon [_thread_blocked, id=7772, stack(0x00000033cdc00000,0x00000033cdd00000)]
  0x000002099d386270 JavaThread "http-nio-8080-exec-8" daemon [_thread_blocked, id=12036, stack(0x00000033cdd00000,0x00000033cde00000)]
  0x000002099d37f310 JavaThread "http-nio-8080-exec-9" daemon [_thread_blocked, id=4080, stack(0x00000033cde00000,0x00000033cdf00000)]
  0x000002099d37ee00 JavaThread "http-nio-8080-exec-10" daemon [_thread_blocked, id=1176, stack(0x00000033cdf00000,0x00000033ce000000)]
  0x000002099d37f820 JavaThread "http-nio-8080-Poller" daemon [_thread_in_native, id=13644, stack(0x00000033ce000000,0x00000033ce100000)]
  0x000002099d3834e0 JavaThread "http-nio-8080-Acceptor" daemon [_thread_in_native, id=12244, stack(0x00000033ce100000,0x00000033ce200000)]
  0x000002099d37fd30 JavaThread "DestroyJavaVM" [_thread_blocked, id=5664, stack(0x00000033cae00000,0x00000033caf00000)]

Other Threads:
  0x0000020953cc8240 VMThread "VM Thread" [stack: 0x00000033cb400000,0x00000033cb500000] [id=2396]
  0x0000020999579210 WatcherThread [stack: 0x00000033cc100000,0x00000033cc200000] [id=13340]
  0x00000209381b5560 GCTaskThread "GC Thread#0" [stack: 0x00000033caf00000,0x00000033cb000000] [id=11844]
  0x0000020999f9d290 GCTaskThread "GC Thread#1" [stack: 0x00000033cc200000,0x00000033cc300000] [id=13044]
  0x0000020999f66d00 GCTaskThread "GC Thread#2" [stack: 0x00000033cc300000,0x00000033cc400000] [id=6316]
  0x000002099a00cef0 GCTaskThread "GC Thread#3" [stack: 0x00000033cc400000,0x00000033cc500000] [id=12624]
  0x000002099a034eb0 GCTaskThread "GC Thread#4" [stack: 0x00000033cc500000,0x00000033cc600000] [id=11792]
  0x000002099a21ea90 GCTaskThread "GC Thread#5" [stack: 0x00000033cc800000,0x00000033cc900000] [id=11604]
  0x000002099a3960b0 GCTaskThread "GC Thread#6" [stack: 0x00000033cca00000,0x00000033ccb00000] [id=320]
  0x000002099a197960 GCTaskThread "GC Thread#7" [stack: 0x00000033ccb00000,0x00000033ccc00000] [id=11292]
  0x00000209381bda40 ConcurrentGCThread "G1 Main Marker" [stack: 0x00000033cb000000,0x00000033cb100000] [id=2416]
  0x00000209381be370 ConcurrentGCThread "G1 Conc#0" [stack: 0x00000033cb100000,0x00000033cb200000] [id=11420]
  0x000002099a745d80 ConcurrentGCThread "G1 Conc#1" [stack: 0x00000033ccc00000,0x00000033ccd00000] [id=10060]
  0x000002093820d400 ConcurrentGCThread "G1 Refine#0" [stack: 0x00000033cb200000,0x00000033cb300000] [id=7060]
  0x000002093820dd40 ConcurrentGCThread "G1 Service" [stack: 0x00000033cb300000,0x00000033cb400000] [id=3464]

Threads with active compile tasks:
C2 CompilerThread0    42962 9913       4       org.springframework.beans.factory.support.AbstractBeanFactory::isTypeMatch (745 bytes)

VM state: not at safepoint (normal execution)

VM Mutex/Monitor currently owned by a thread: None

Heap address: 0x00000000c4c00000, size: 948 MB, Compressed Oops mode: 32-bit

CDS archive(s) mapped at: [0x0000020954000000-0x0000020954bb0000-0x0000020954bb0000), size 12255232, SharedBaseAddress: 0x0000020954000000, ArchiveRelocationMode: 1.
Compressed class space mapped at: 0x0000020955000000-0x0000020995000000, reserved size: 1073741824
Narrow klass base: 0x0000020954000000, Narrow klass shift: 0, Narrow klass range: 0x100000000

GC Precious Log:
 CPUs: 8 total, 8 available
 Memory: 3790M
 Large Page Support: Disabled
 NUMA Support: Disabled
 Compressed Oops: Enabled (32-bit)
 Heap Region Size: 1M
 Heap Min Capacity: 8M
 Heap Initial Capacity: 60M
 Heap Max Capacity: 948M
 Pre-touch: Disabled
 Parallel Workers: 8
 Concurrent Workers: 2
 Concurrent Refinement Workers: 8
 Periodic GC: Disabled

Heap:
 garbage-first heap   total 331776K, used 133085K [0x00000000c4c00000, 0x0000000100000000)
  region size 1024K, 16 young (16384K), 5 survivors (5120K)
 Metaspace       used 92731K, committed 93440K, reserved 1179648K
  class space    used 12500K, committed 12864K, reserved 1048576K

Heap Regions: E=young(eden), S=young(survivor), O=old, HS=humongous(starts), HC=humongous(continues), CS=collection set, F=free, OA=open archive, CA=closed archive, TAMS=top-at-mark-start (previous, next)
|   0|0x00000000c4c00000, 0x00000000c4d00000, 0x00000000c4d00000|100%|HS|  |TAMS 0x00000000c4d00000, 0x00000000c4c00000| Complete 
|   1|0x00000000c4d00000, 0x00000000c4e00000, 0x00000000c4e00000|100%|HS|  |TAMS 0x00000000c4e00000, 0x00000000c4d00000| Complete 
|   2|0x00000000c4e00000, 0x00000000c4f00000, 0x00000000c4f00000|100%|HS|  |TAMS 0x00000000c4f00000, 0x00000000c4e00000| Complete 
|   3|0x00000000c4f00000, 0x00000000c5000000, 0x00000000c5000000|100%|HS|  |TAMS 0x00000000c5000000, 0x00000000c4f00000| Complete 
|   4|0x00000000c5000000, 0x00000000c5100000, 0x00000000c5100000|100%| O|  |TAMS 0x00000000c5100000, 0x00000000c5000000| Untracked 
|   5|0x00000000c5100000, 0x00000000c5200000, 0x00000000c5200000|100%| O|  |TAMS 0x00000000c5200000, 0x00000000c5100000| Untracked 
|   6|0x00000000c5200000, 0x00000000c5300000, 0x00000000c5300000|100%| O|  |TAMS 0x00000000c5300000, 0x00000000c5200000| Untracked 
|   7|0x00000000c5300000, 0x00000000c5400000, 0x00000000c5400000|100%| O|  |TAMS 0x00000000c5400000, 0x00000000c5300000| Untracked 
|   8|0x00000000c5400000, 0x00000000c5500000, 0x00000000c5500000|100%| O|  |TAMS 0x00000000c5500000, 0x00000000c5400000| Untracked 
|   9|0x00000000c5500000, 0x00000000c5600000, 0x00000000c5600000|100%| O|  |TAMS 0x00000000c5600000, 0x00000000c5500000| Untracked 
|  10|0x00000000c5600000, 0x00000000c5700000, 0x00000000c5700000|100%| O|  |TAMS 0x00000000c5700000, 0x00000000c5600000| Untracked 
|  11|0x00000000c5700000, 0x00000000c5800000, 0x00000000c5800000|100%| O|  |TAMS 0x00000000c5800000, 0x00000000c5700000| Untracked 
|  12|0x00000000c5800000, 0x00000000c5900000, 0x00000000c5900000|100%| O|  |TAMS 0x00000000c5900000, 0x00000000c5800000| Untracked 
|  13|0x00000000c5900000, 0x00000000c5a00000, 0x00000000c5a00000|100%| O|  |TAMS 0x00000000c5a00000, 0x00000000c5900000| Untracked 
|  14|0x00000000c5a00000, 0x00000000c5b00000, 0x00000000c5b00000|100%| O|  |TAMS 0x00000000c5b00000, 0x00000000c5a00000| Untracked 
|  15|0x00000000c5b00000, 0x00000000c5c00000, 0x00000000c5c00000|100%| O|  |TAMS 0x00000000c5c00000, 0x00000000c5b00000| Untracked 
|  16|0x00000000c5c00000, 0x00000000c5d00000, 0x00000000c5d00000|100%| O|  |TAMS 0x00000000c5d00000, 0x00000000c5c00000| Untracked 
|  17|0x00000000c5d00000, 0x00000000c5e00000, 0x00000000c5e00000|100%| O|  |TAMS 0x00000000c5e00000, 0x00000000c5d00000| Untracked 
|  18|0x00000000c5e00000, 0x00000000c5f00000, 0x00000000c5f00000|100%| O|  |TAMS 0x00000000c5f00000, 0x00000000c5e00000| Untracked 
|  19|0x00000000c5f00000, 0x00000000c6000000, 0x00000000c6000000|100%| O|  |TAMS 0x00000000c6000000, 0x00000000c5f00000| Untracked 
|  20|0x00000000c6000000, 0x00000000c6100000, 0x00000000c6100000|100%| O|  |TAMS 0x00000000c6000000, 0x00000000c6000000| Untracked 
|  21|0x00000000c6100000, 0x00000000c6200000, 0x00000000c6200000|100%| O|  |TAMS 0x00000000c6200000, 0x00000000c6100000| Untracked 
|  22|0x00000000c6200000, 0x00000000c6300000, 0x00000000c6300000|100%| O|  |TAMS 0x00000000c6300000, 0x00000000c6200000| Untracked 
|  23|0x00000000c6300000, 0x00000000c6400000, 0x00000000c6400000|100%| O|  |TAMS 0x00000000c6400000, 0x00000000c6300000| Untracked 
|  24|0x00000000c6400000, 0x00000000c6500000, 0x00000000c6500000|100%| O|  |TAMS 0x00000000c6500000, 0x00000000c6400000| Untracked 
|  25|0x00000000c6500000, 0x00000000c6600000, 0x00000000c6600000|100%| O|  |TAMS 0x00000000c6600000, 0x00000000c6500000| Untracked 
|  26|0x00000000c6600000, 0x00000000c6700000, 0x00000000c6700000|100%| O|  |TAMS 0x00000000c6700000, 0x00000000c6600000| Untracked 
|  27|0x00000000c6700000, 0x00000000c6800000, 0x00000000c6800000|100%| O|  |TAMS 0x00000000c6800000, 0x00000000c6700000| Untracked 
|  28|0x00000000c6800000, 0x00000000c6900000, 0x00000000c6900000|100%| O|  |TAMS 0x00000000c6900000, 0x00000000c6800000| Untracked 
|  29|0x00000000c6900000, 0x00000000c6a00000, 0x00000000c6a00000|100%| O|  |TAMS 0x00000000c6a00000, 0x00000000c6900000| Untracked 
|  30|0x00000000c6a00000, 0x00000000c6b00000, 0x00000000c6b00000|100%| O|  |TAMS 0x00000000c6b00000, 0x00000000c6a00000| Untracked 
|  31|0x00000000c6b00000, 0x00000000c6c00000, 0x00000000c6c00000|100%| O|  |TAMS 0x00000000c6c00000, 0x00000000c6b00000| Untracked 
|  32|0x00000000c6c00000, 0x00000000c6d00000, 0x00000000c6d00000|100%| O|  |TAMS 0x00000000c6d00000, 0x00000000c6c00000| Untracked 
|  33|0x00000000c6d00000, 0x00000000c6e00000, 0x00000000c6e00000|100%| O|  |TAMS 0x00000000c6e00000, 0x00000000c6d00000| Untracked 
|  34|0x00000000c6e00000, 0x00000000c6f00000, 0x00000000c6f00000|100%| O|  |TAMS 0x00000000c6f00000, 0x00000000c6e00000| Untracked 
|  35|0x00000000c6f00000, 0x00000000c7000000, 0x00000000c7000000|100%| O|  |TAMS 0x00000000c7000000, 0x00000000c6f00000| Untracked 
|  36|0x00000000c7000000, 0x00000000c7100000, 0x00000000c7100000|100%| O|  |TAMS 0x00000000c7100000, 0x00000000c7000000| Untracked 
|  37|0x00000000c7100000, 0x00000000c7200000, 0x00000000c7200000|100%| O|  |TAMS 0x00000000c7200000, 0x00000000c7100000| Untracked 
|  38|0x00000000c7200000, 0x00000000c7300000, 0x00000000c7300000|100%| O|  |TAMS 0x00000000c7300000, 0x00000000c7200000| Untracked 
|  39|0x00000000c7300000, 0x00000000c7400000, 0x00000000c7400000|100%| O|  |TAMS 0x00000000c7400000, 0x00000000c7300000| Untracked 
|  40|0x00000000c7400000, 0x00000000c7500000, 0x00000000c7500000|100%| O|  |TAMS 0x00000000c7500000, 0x00000000c7400000| Untracked 
|  41|0x00000000c7500000, 0x00000000c7600000, 0x00000000c7600000|100%| O|  |TAMS 0x00000000c7600000, 0x00000000c7500000| Untracked 
|  42|0x00000000c7600000, 0x00000000c7700000, 0x00000000c7700000|100%| O|  |TAMS 0x00000000c7700000, 0x00000000c7600000| Untracked 
|  43|0x00000000c7700000, 0x00000000c7800000, 0x00000000c7800000|100%| O|  |TAMS 0x00000000c7800000, 0x00000000c7700000| Untracked 
|  44|0x00000000c7800000, 0x00000000c7900000, 0x00000000c7900000|100%| O|  |TAMS 0x00000000c7900000, 0x00000000c7800000| Untracked 
|  45|0x00000000c7900000, 0x00000000c7a00000, 0x00000000c7a00000|100%| O|  |TAMS 0x00000000c7900000, 0x00000000c7900000| Untracked 
|  46|0x00000000c7a00000, 0x00000000c7b00000, 0x00000000c7b00000|100%| O|  |TAMS 0x00000000c7b00000, 0x00000000c7a00000| Untracked 
|  47|0x00000000c7b00000, 0x00000000c7c00000, 0x00000000c7c00000|100%| O|  |TAMS 0x00000000c7c00000, 0x00000000c7b00000| Untracked 
|  48|0x00000000c7c00000, 0x00000000c7d00000, 0x00000000c7d00000|100%| O|  |TAMS 0x00000000c7d00000, 0x00000000c7c00000| Untracked 
|  49|0x00000000c7d00000, 0x00000000c7e00000, 0x00000000c7e00000|100%| O|  |TAMS 0x00000000c7e00000, 0x00000000c7d00000| Untracked 
|  50|0x00000000c7e00000, 0x00000000c7f00000, 0x00000000c7f00000|100%| O|  |TAMS 0x00000000c7f00000, 0x00000000c7e00000| Untracked 
|  51|0x00000000c7f00000, 0x00000000c8000000, 0x00000000c8000000|100%| O|  |TAMS 0x00000000c8000000, 0x00000000c7f00000| Untracked 
|  52|0x00000000c8000000, 0x00000000c8100000, 0x00000000c8100000|100%| O|  |TAMS 0x00000000c8100000, 0x00000000c8000000| Untracked 
|  53|0x00000000c8100000, 0x00000000c8200000, 0x00000000c8200000|100%| O|  |TAMS 0x00000000c8200000, 0x00000000c8100000| Untracked 
|  54|0x00000000c8200000, 0x00000000c8300000, 0x00000000c8300000|100%| O|  |TAMS 0x00000000c8300000, 0x00000000c8200000| Untracked 
|  55|0x00000000c8300000, 0x00000000c8400000, 0x00000000c8400000|100%| O|  |TAMS 0x00000000c8400000, 0x00000000c8300000| Untracked 
|  56|0x00000000c8400000, 0x00000000c8500000, 0x00000000c8500000|100%| O|  |TAMS 0x00000000c8500000, 0x00000000c8400000| Untracked 
|  57|0x00000000c8500000, 0x00000000c8500000, 0x00000000c8600000|  0%| F|  |TAMS 0x00000000c8500000, 0x00000000c8500000| Untracked 
|  58|0x00000000c8600000, 0x00000000c8700000, 0x00000000c8700000|100%| O|  |TAMS 0x00000000c8700000, 0x00000000c8600000| Untracked 
|  59|0x00000000c8700000, 0x00000000c8800000, 0x00000000c8800000|100%| O|  |TAMS 0x00000000c8800000, 0x00000000c8700000| Untracked 
|  60|0x00000000c8800000, 0x00000000c8900000, 0x00000000c8900000|100%| O|  |TAMS 0x00000000c8900000, 0x00000000c8800000| Untracked 
|  61|0x00000000c8900000, 0x00000000c8a00000, 0x00000000c8a00000|100%| O|  |TAMS 0x00000000c8a00000, 0x00000000c8900000| Untracked 
|  62|0x00000000c8a00000, 0x00000000c8b00000, 0x00000000c8b00000|100%| O|  |TAMS 0x00000000c8b00000, 0x00000000c8a00000| Untracked 
|  63|0x00000000c8b00000, 0x00000000c8c00000, 0x00000000c8c00000|100%| O|  |TAMS 0x00000000c8c00000, 0x00000000c8b00000| Untracked 
|  64|0x00000000c8c00000, 0x00000000c8d00000, 0x00000000c8d00000|100%| O|  |TAMS 0x00000000c8d00000, 0x00000000c8c00000| Untracked 
|  65|0x00000000c8d00000, 0x00000000c8e00000, 0x00000000c8e00000|100%| O|  |TAMS 0x00000000c8d00000, 0x00000000c8d00000| Untracked 
|  66|0x00000000c8e00000, 0x00000000c8f00000, 0x00000000c8f00000|100%| O|  |TAMS 0x00000000c8e00000, 0x00000000c8e00000| Untracked 
|  67|0x00000000c8f00000, 0x00000000c9000000, 0x00000000c9000000|100%| O|  |TAMS 0x00000000c8f00000, 0x00000000c8f00000| Untracked 
|  68|0x00000000c9000000, 0x00000000c9100000, 0x00000000c9100000|100%| O|  |TAMS 0x00000000c9100000, 0x00000000c9000000| Untracked 
|  69|0x00000000c9100000, 0x00000000c9200000, 0x00000000c9200000|100%| O|  |TAMS 0x00000000c9100000, 0x00000000c9100000| Untracked 
|  70|0x00000000c9200000, 0x00000000c9300000, 0x00000000c9300000|100%| O|  |TAMS 0x00000000c9200000, 0x00000000c9200000| Untracked 
|  71|0x00000000c9300000, 0x00000000c9400000, 0x00000000c9400000|100%| O|  |TAMS 0x00000000c9300000, 0x00000000c9300000| Untracked 
|  72|0x00000000c9400000, 0x00000000c9500000, 0x00000000c9500000|100%| O|  |TAMS 0x00000000c9400000, 0x00000000c9400000| Untracked 
|  73|0x00000000c9500000, 0x00000000c9600000, 0x00000000c9600000|100%| O|  |TAMS 0x00000000c9500000, 0x00000000c9500000| Untracked 
|  74|0x00000000c9600000, 0x00000000c9700000, 0x00000000c9700000|100%| O|  |TAMS 0x00000000c9600000, 0x00000000c9600000| Untracked 
|  75|0x00000000c9700000, 0x00000000c9800000, 0x00000000c9800000|100%| O|  |TAMS 0x00000000c9700000, 0x00000000c9700000| Untracked 
|  76|0x00000000c9800000, 0x00000000c9900000, 0x00000000c9900000|100%| O|  |TAMS 0x00000000c9800000, 0x00000000c9800000| Untracked 
|  77|0x00000000c9900000, 0x00000000c9a00000, 0x00000000c9a00000|100%| O|  |TAMS 0x00000000c9900000, 0x00000000c9900000| Untracked 
|  78|0x00000000c9a00000, 0x00000000c9b00000, 0x00000000c9b00000|100%| O|  |TAMS 0x00000000c9a00000, 0x00000000c9a00000| Untracked 
|  79|0x00000000c9b00000, 0x00000000c9c00000, 0x00000000c9c00000|100%| O|  |TAMS 0x00000000c9b00000, 0x00000000c9b00000| Untracked 
|  80|0x00000000c9c00000, 0x00000000c9d00000, 0x00000000c9d00000|100%| O|  |TAMS 0x00000000c9c00000, 0x00000000c9c00000| Untracked 
|  81|0x00000000c9d00000, 0x00000000c9e00000, 0x00000000c9e00000|100%| O|  |TAMS 0x00000000c9d00000, 0x00000000c9d00000| Untracked 
|  82|0x00000000c9e00000, 0x00000000c9f00000, 0x00000000c9f00000|100%| O|  |TAMS 0x00000000c9e00000, 0x00000000c9e00000| Untracked 
|  83|0x00000000c9f00000, 0x00000000ca000000, 0x00000000ca000000|100%| O|  |TAMS 0x00000000c9f00000, 0x00000000c9f00000| Untracked 
|  84|0x00000000ca000000, 0x00000000ca100000, 0x00000000ca100000|100%| O|  |TAMS 0x00000000ca000000, 0x00000000ca000000| Untracked 
|  85|0x00000000ca100000, 0x00000000ca200000, 0x00000000ca200000|100%| O|  |TAMS 0x00000000ca100000, 0x00000000ca100000| Untracked 
|  86|0x00000000ca200000, 0x00000000ca300000, 0x00000000ca300000|100%| O|  |TAMS 0x00000000ca200000, 0x00000000ca200000| Untracked 
|  87|0x00000000ca300000, 0x00000000ca400000, 0x00000000ca400000|100%| O|  |TAMS 0x00000000ca300000, 0x00000000ca300000| Untracked 
|  88|0x00000000ca400000, 0x00000000ca500000, 0x00000000ca500000|100%| O|  |TAMS 0x00000000ca400000, 0x00000000ca400000| Untracked 
|  89|0x00000000ca500000, 0x00000000ca600000, 0x00000000ca600000|100%| O|  |TAMS 0x00000000ca500000, 0x00000000ca500000| Untracked 
|  90|0x00000000ca600000, 0x00000000ca700000, 0x00000000ca700000|100%| O|  |TAMS 0x00000000ca600000, 0x00000000ca600000| Untracked 
|  91|0x00000000ca700000, 0x00000000ca800000, 0x00000000ca800000|100%| O|  |TAMS 0x00000000ca700000, 0x00000000ca700000| Untracked 
|  92|0x00000000ca800000, 0x00000000ca900000, 0x00000000ca900000|100%| O|  |TAMS 0x00000000ca800000, 0x00000000ca800000| Untracked 
|  93|0x00000000ca900000, 0x00000000caa00000, 0x00000000caa00000|100%| O|  |TAMS 0x00000000ca900000, 0x00000000ca900000| Untracked 
|  94|0x00000000caa00000, 0x00000000cab00000, 0x00000000cab00000|100%| O|  |TAMS 0x00000000caa00000, 0x00000000caa00000| Untracked 
|  95|0x00000000cab00000, 0x00000000cac00000, 0x00000000cac00000|100%| O|  |TAMS 0x00000000cab00000, 0x00000000cab00000| Untracked 
|  96|0x00000000cac00000, 0x00000000cad00000, 0x00000000cad00000|100%| O|  |TAMS 0x00000000cac00000, 0x00000000cac00000| Untracked 
|  97|0x00000000cad00000, 0x00000000cae00000, 0x00000000cae00000|100%| O|  |TAMS 0x00000000cad00000, 0x00000000cad00000| Untracked 
|  98|0x00000000cae00000, 0x00000000caf00000, 0x00000000caf00000|100%| O|  |TAMS 0x00000000cae00000, 0x00000000cae00000| Untracked 
|  99|0x00000000caf00000, 0x00000000cb000000, 0x00000000cb000000|100%| O|  |TAMS 0x00000000caf00000, 0x00000000caf00000| Untracked 
| 100|0x00000000cb000000, 0x00000000cb100000, 0x00000000cb100000|100%| O|  |TAMS 0x00000000cb000000, 0x00000000cb000000| Untracked 
| 101|0x00000000cb100000, 0x00000000cb200000, 0x00000000cb200000|100%| O|  |TAMS 0x00000000cb100000, 0x00000000cb100000| Untracked 
| 102|0x00000000cb200000, 0x00000000cb300000, 0x00000000cb300000|100%| O|  |TAMS 0x00000000cb200000, 0x00000000cb200000| Untracked 
| 103|0x00000000cb300000, 0x00000000cb400000, 0x00000000cb400000|100%| O|  |TAMS 0x00000000cb300000, 0x00000000cb300000| Untracked 
| 104|0x00000000cb400000, 0x00000000cb500000, 0x00000000cb500000|100%| O|  |TAMS 0x00000000cb400000, 0x00000000cb400000| Untracked 
| 105|0x00000000cb500000, 0x00000000cb600000, 0x00000000cb600000|100%| O|  |TAMS 0x00000000cb500000, 0x00000000cb500000| Untracked 
| 106|0x00000000cb600000, 0x00000000cb700000, 0x00000000cb700000|100%| O|  |TAMS 0x00000000cb600000, 0x00000000cb600000| Untracked 
| 107|0x00000000cb700000, 0x00000000cb800000, 0x00000000cb800000|100%| O|  |TAMS 0x00000000cb700000, 0x00000000cb700000| Untracked 
| 108|0x00000000cb800000, 0x00000000cb900000, 0x00000000cb900000|100%| O|  |TAMS 0x00000000cb800000, 0x00000000cb800000| Untracked 
| 109|0x00000000cb900000, 0x00000000cba00000, 0x00000000cba00000|100%| O|  |TAMS 0x00000000cb900000, 0x00000000cb900000| Untracked 
| 110|0x00000000cba00000, 0x00000000cbb00000, 0x00000000cbb00000|100%| O|  |TAMS 0x00000000cba00000, 0x00000000cba00000| Untracked 
| 111|0x00000000cbb00000, 0x00000000cbc00000, 0x00000000cbc00000|100%| O|  |TAMS 0x00000000cbb00000, 0x00000000cbb00000| Untracked 
| 112|0x00000000cbc00000, 0x00000000cbd00000, 0x00000000cbd00000|100%| O|  |TAMS 0x00000000cbc00000, 0x00000000cbc00000| Untracked 
| 113|0x00000000cbd00000, 0x00000000cbe00000, 0x00000000cbe00000|100%| O|  |TAMS 0x00000000cbd00000, 0x00000000cbd00000| Untracked 
| 114|0x00000000cbe00000, 0x00000000cbf00000, 0x00000000cbf00000|100%| O|  |TAMS 0x00000000cbe00000, 0x00000000cbe00000| Untracked 
| 115|0x00000000cbf00000, 0x00000000cc000000, 0x00000000cc000000|100%| O|  |TAMS 0x00000000cbf00000, 0x00000000cbf00000| Untracked 
| 116|0x00000000cc000000, 0x00000000cc100000, 0x00000000cc100000|100%| O|  |TAMS 0x00000000cc000000, 0x00000000cc000000| Untracked 
| 117|0x00000000cc100000, 0x00000000cc100000, 0x00000000cc200000|  0%| F|  |TAMS 0x00000000cc100000, 0x00000000cc100000| Untracked 
| 118|0x00000000cc200000, 0x00000000cc200000, 0x00000000cc300000|  0%| F|  |TAMS 0x00000000cc200000, 0x00000000cc200000| Untracked 
| 119|0x00000000cc300000, 0x00000000cc300000, 0x00000000cc400000|  0%| F|  |TAMS 0x00000000cc300000, 0x00000000cc300000| Untracked 
| 120|0x00000000cc400000, 0x00000000cc400000, 0x00000000cc500000|  0%| F|  |TAMS 0x00000000cc400000, 0x00000000cc400000| Untracked 
| 121|0x00000000cc500000, 0x00000000cc500000, 0x00000000cc600000|  0%| F|  |TAMS 0x00000000cc500000, 0x00000000cc500000| Untracked 
| 122|0x00000000cc600000, 0x00000000cc600000, 0x00000000cc700000|  0%| F|  |TAMS 0x00000000cc600000, 0x00000000cc600000| Untracked 
| 123|0x00000000cc700000, 0x00000000cc700000, 0x00000000cc800000|  0%| F|  |TAMS 0x00000000cc700000, 0x00000000cc700000| Untracked 
| 124|0x00000000cc800000, 0x00000000cc800000, 0x00000000cc900000|  0%| F|  |TAMS 0x00000000cc800000, 0x00000000cc800000| Untracked 
| 125|0x00000000cc900000, 0x00000000cc900000, 0x00000000cca00000|  0%| F|  |TAMS 0x00000000cc900000, 0x00000000cc900000| Untracked 
| 126|0x00000000cca00000, 0x00000000cca00000, 0x00000000ccb00000|  0%| F|  |TAMS 0x00000000cca00000, 0x00000000cca00000| Untracked 
| 127|0x00000000ccb00000, 0x00000000ccb00000, 0x00000000ccc00000|  0%| F|  |TAMS 0x00000000ccb00000, 0x00000000ccb00000| Untracked 
| 128|0x00000000ccc00000, 0x00000000ccc00000, 0x00000000ccd00000|  0%| F|  |TAMS 0x00000000ccc00000, 0x00000000ccc00000| Untracked 
| 129|0x00000000ccd00000, 0x00000000ccd00000, 0x00000000cce00000|  0%| F|  |TAMS 0x00000000ccd00000, 0x00000000ccd00000| Untracked 
| 130|0x00000000cce00000, 0x00000000cce00000, 0x00000000ccf00000|  0%| F|  |TAMS 0x00000000cce00000, 0x00000000cce00000| Untracked 
| 131|0x00000000ccf00000, 0x00000000ccf00000, 0x00000000cd000000|  0%| F|  |TAMS 0x00000000ccf00000, 0x00000000ccf00000| Untracked 
| 132|0x00000000cd000000, 0x00000000cd000000, 0x00000000cd100000|  0%| F|  |TAMS 0x00000000cd000000, 0x00000000cd000000| Untracked 
| 133|0x00000000cd100000, 0x00000000cd100000, 0x00000000cd200000|  0%| F|  |TAMS 0x00000000cd100000, 0x00000000cd100000| Untracked 
| 134|0x00000000cd200000, 0x00000000cd200000, 0x00000000cd300000|  0%| F|  |TAMS 0x00000000cd200000, 0x00000000cd200000| Untracked 
| 135|0x00000000cd300000, 0x00000000cd300000, 0x00000000cd400000|  0%| F|  |TAMS 0x00000000cd300000, 0x00000000cd300000| Untracked 
| 136|0x00000000cd400000, 0x00000000cd400000, 0x00000000cd500000|  0%| F|  |TAMS 0x00000000cd400000, 0x00000000cd400000| Untracked 
| 137|0x00000000cd500000, 0x00000000cd500000, 0x00000000cd600000|  0%| F|  |TAMS 0x00000000cd500000, 0x00000000cd500000| Untracked 
| 138|0x00000000cd600000, 0x00000000cd600000, 0x00000000cd700000|  0%| F|  |TAMS 0x00000000cd600000, 0x00000000cd600000| Untracked 
| 139|0x00000000cd700000, 0x00000000cd700000, 0x00000000cd800000|  0%| F|  |TAMS 0x00000000cd700000, 0x00000000cd700000| Untracked 
| 140|0x00000000cd800000, 0x00000000cd800000, 0x00000000cd900000|  0%| F|  |TAMS 0x00000000cd800000, 0x00000000cd800000| Untracked 
| 141|0x00000000cd900000, 0x00000000cd900000, 0x00000000cda00000|  0%| F|  |TAMS 0x00000000cd900000, 0x00000000cd900000| Untracked 
| 142|0x00000000cda00000, 0x00000000cda00000, 0x00000000cdb00000|  0%| F|  |TAMS 0x00000000cda00000, 0x00000000cda00000| Untracked 
| 143|0x00000000cdb00000, 0x00000000cdb00000, 0x00000000cdc00000|  0%| F|  |TAMS 0x00000000cdb00000, 0x00000000cdb00000| Untracked 
| 144|0x00000000cdc00000, 0x00000000cdc00000, 0x00000000cdd00000|  0%| F|  |TAMS 0x00000000cdc00000, 0x00000000cdc00000| Untracked 
| 145|0x00000000cdd00000, 0x00000000cdd00000, 0x00000000cde00000|  0%| F|  |TAMS 0x00000000cdd00000, 0x00000000cdd00000| Untracked 
| 146|0x00000000cde00000, 0x00000000cde00000, 0x00000000cdf00000|  0%| F|  |TAMS 0x00000000cde00000, 0x00000000cde00000| Untracked 
| 147|0x00000000cdf00000, 0x00000000cdf00000, 0x00000000ce000000|  0%| F|  |TAMS 0x00000000cdf00000, 0x00000000cdf00000| Untracked 
| 148|0x00000000ce000000, 0x00000000ce000000, 0x00000000ce100000|  0%| F|  |TAMS 0x00000000ce000000, 0x00000000ce000000| Untracked 
| 149|0x00000000ce100000, 0x00000000ce100000, 0x00000000ce200000|  0%| F|  |TAMS 0x00000000ce100000, 0x00000000ce100000| Untracked 
| 150|0x00000000ce200000, 0x00000000ce200000, 0x00000000ce300000|  0%| F|  |TAMS 0x00000000ce200000, 0x00000000ce200000| Untracked 
| 151|0x00000000ce300000, 0x00000000ce300000, 0x00000000ce400000|  0%| F|  |TAMS 0x00000000ce300000, 0x00000000ce300000| Untracked 
| 152|0x00000000ce400000, 0x00000000ce400000, 0x00000000ce500000|  0%| F|  |TAMS 0x00000000ce400000, 0x00000000ce400000| Untracked 
| 153|0x00000000ce500000, 0x00000000ce500000, 0x00000000ce600000|  0%| F|  |TAMS 0x00000000ce500000, 0x00000000ce500000| Untracked 
| 154|0x00000000ce600000, 0x00000000ce600000, 0x00000000ce700000|  0%| F|  |TAMS 0x00000000ce600000, 0x00000000ce600000| Untracked 
| 155|0x00000000ce700000, 0x00000000ce700000, 0x00000000ce800000|  0%| F|  |TAMS 0x00000000ce700000, 0x00000000ce700000| Untracked 
| 156|0x00000000ce800000, 0x00000000ce800000, 0x00000000ce900000|  0%| F|  |TAMS 0x00000000ce800000, 0x00000000ce800000| Untracked 
| 157|0x00000000ce900000, 0x00000000ce900000, 0x00000000cea00000|  0%| F|  |TAMS 0x00000000ce900000, 0x00000000ce900000| Untracked 
| 158|0x00000000cea00000, 0x00000000cea00000, 0x00000000ceb00000|  0%| F|  |TAMS 0x00000000cea00000, 0x00000000cea00000| Untracked 
| 159|0x00000000ceb00000, 0x00000000ceb00000, 0x00000000cec00000|  0%| F|  |TAMS 0x00000000ceb00000, 0x00000000ceb00000| Untracked 
| 160|0x00000000cec00000, 0x00000000cec00000, 0x00000000ced00000|  0%| F|  |TAMS 0x00000000cec00000, 0x00000000cec00000| Untracked 
| 161|0x00000000ced00000, 0x00000000ced00000, 0x00000000cee00000|  0%| F|  |TAMS 0x00000000ced00000, 0x00000000ced00000| Untracked 
| 162|0x00000000cee00000, 0x00000000cee00000, 0x00000000cef00000|  0%| F|  |TAMS 0x00000000cee00000, 0x00000000cee00000| Untracked 
| 163|0x00000000cef00000, 0x00000000cef00000, 0x00000000cf000000|  0%| F|  |TAMS 0x00000000cef00000, 0x00000000cef00000| Untracked 
| 164|0x00000000cf000000, 0x00000000cf000000, 0x00000000cf100000|  0%| F|  |TAMS 0x00000000cf000000, 0x00000000cf000000| Untracked 
| 165|0x00000000cf100000, 0x00000000cf100000, 0x00000000cf200000|  0%| F|  |TAMS 0x00000000cf100000, 0x00000000cf100000| Untracked 
| 166|0x00000000cf200000, 0x00000000cf200000, 0x00000000cf300000|  0%| F|  |TAMS 0x00000000cf200000, 0x00000000cf200000| Untracked 
| 167|0x00000000cf300000, 0x00000000cf300000, 0x00000000cf400000|  0%| F|  |TAMS 0x00000000cf300000, 0x00000000cf300000| Untracked 
| 168|0x00000000cf400000, 0x00000000cf400000, 0x00000000cf500000|  0%| F|  |TAMS 0x00000000cf400000, 0x00000000cf400000| Untracked 
| 169|0x00000000cf500000, 0x00000000cf500000, 0x00000000cf600000|  0%| F|  |TAMS 0x00000000cf500000, 0x00000000cf500000| Untracked 
| 170|0x00000000cf600000, 0x00000000cf600000, 0x00000000cf700000|  0%| F|  |TAMS 0x00000000cf600000, 0x00000000cf600000| Untracked 
| 171|0x00000000cf700000, 0x00000000cf700000, 0x00000000cf800000|  0%| F|  |TAMS 0x00000000cf700000, 0x00000000cf700000| Untracked 
| 172|0x00000000cf800000, 0x00000000cf800000, 0x00000000cf900000|  0%| F|  |TAMS 0x00000000cf800000, 0x00000000cf800000| Untracked 
| 173|0x00000000cf900000, 0x00000000cf900000, 0x00000000cfa00000|  0%| F|  |TAMS 0x00000000cf900000, 0x00000000cf900000| Untracked 
| 174|0x00000000cfa00000, 0x00000000cfa00000, 0x00000000cfb00000|  0%| F|  |TAMS 0x00000000cfa00000, 0x00000000cfa00000| Untracked 
| 175|0x00000000cfb00000, 0x00000000cfb00000, 0x00000000cfc00000|  0%| F|  |TAMS 0x00000000cfb00000, 0x00000000cfb00000| Untracked 
| 176|0x00000000cfc00000, 0x00000000cfc00000, 0x00000000cfd00000|  0%| F|  |TAMS 0x00000000cfc00000, 0x00000000cfc00000| Untracked 
| 177|0x00000000cfd00000, 0x00000000cfd00000, 0x00000000cfe00000|  0%| F|  |TAMS 0x00000000cfd00000, 0x00000000cfd00000| Untracked 
| 178|0x00000000cfe00000, 0x00000000cfe00000, 0x00000000cff00000|  0%| F|  |TAMS 0x00000000cfe00000, 0x00000000cfe00000| Untracked 
| 179|0x00000000cff00000, 0x00000000cff00000, 0x00000000d0000000|  0%| F|  |TAMS 0x00000000cff00000, 0x00000000cff00000| Untracked 
| 180|0x00000000d0000000, 0x00000000d0000000, 0x00000000d0100000|  0%| F|  |TAMS 0x00000000d0000000, 0x00000000d0000000| Untracked 
| 181|0x00000000d0100000, 0x00000000d0100000, 0x00000000d0200000|  0%| F|  |TAMS 0x00000000d0100000, 0x00000000d0100000| Untracked 
| 182|0x00000000d0200000, 0x00000000d0200000, 0x00000000d0300000|  0%| F|  |TAMS 0x00000000d0200000, 0x00000000d0200000| Untracked 
| 183|0x00000000d0300000, 0x00000000d0300000, 0x00000000d0400000|  0%| F|  |TAMS 0x00000000d0300000, 0x00000000d0300000| Untracked 
| 184|0x00000000d0400000, 0x00000000d0400000, 0x00000000d0500000|  0%| F|  |TAMS 0x00000000d0400000, 0x00000000d0400000| Untracked 
| 185|0x00000000d0500000, 0x00000000d0500000, 0x00000000d0600000|  0%| F|  |TAMS 0x00000000d0500000, 0x00000000d0500000| Untracked 
| 186|0x00000000d0600000, 0x00000000d0600000, 0x00000000d0700000|  0%| F|  |TAMS 0x00000000d0600000, 0x00000000d0600000| Untracked 
| 187|0x00000000d0700000, 0x00000000d0700000, 0x00000000d0800000|  0%| F|  |TAMS 0x00000000d0700000, 0x00000000d0700000| Untracked 
| 188|0x00000000d0800000, 0x00000000d0800000, 0x00000000d0900000|  0%| F|  |TAMS 0x00000000d0800000, 0x00000000d0800000| Untracked 
| 189|0x00000000d0900000, 0x00000000d0900000, 0x00000000d0a00000|  0%| F|  |TAMS 0x00000000d0900000, 0x00000000d0900000| Untracked 
| 190|0x00000000d0a00000, 0x00000000d0a00000, 0x00000000d0b00000|  0%| F|  |TAMS 0x00000000d0a00000, 0x00000000d0a00000| Untracked 
| 191|0x00000000d0b00000, 0x00000000d0b00000, 0x00000000d0c00000|  0%| F|  |TAMS 0x00000000d0b00000, 0x00000000d0b00000| Untracked 
| 192|0x00000000d0c00000, 0x00000000d0c00000, 0x00000000d0d00000|  0%| F|  |TAMS 0x00000000d0c00000, 0x00000000d0c00000| Untracked 
| 193|0x00000000d0d00000, 0x00000000d0d00000, 0x00000000d0e00000|  0%| F|  |TAMS 0x00000000d0d00000, 0x00000000d0d00000| Untracked 
| 194|0x00000000d0e00000, 0x00000000d0e00000, 0x00000000d0f00000|  0%| F|  |TAMS 0x00000000d0e00000, 0x00000000d0e00000| Untracked 
| 195|0x00000000d0f00000, 0x00000000d0f00000, 0x00000000d1000000|  0%| F|  |TAMS 0x00000000d0f00000, 0x00000000d0f00000| Untracked 
| 196|0x00000000d1000000, 0x00000000d1000000, 0x00000000d1100000|  0%| F|  |TAMS 0x00000000d1000000, 0x00000000d1000000| Untracked 
| 197|0x00000000d1100000, 0x00000000d1100000, 0x00000000d1200000|  0%| F|  |TAMS 0x00000000d1100000, 0x00000000d1100000| Untracked 
| 198|0x00000000d1200000, 0x00000000d1200000, 0x00000000d1300000|  0%| F|  |TAMS 0x00000000d1200000, 0x00000000d1200000| Untracked 
| 199|0x00000000d1300000, 0x00000000d1300000, 0x00000000d1400000|  0%| F|  |TAMS 0x00000000d1300000, 0x00000000d1300000| Untracked 
| 200|0x00000000d1400000, 0x00000000d1400000, 0x00000000d1500000|  0%| F|  |TAMS 0x00000000d1400000, 0x00000000d1400000| Untracked 
| 201|0x00000000d1500000, 0x00000000d1500000, 0x00000000d1600000|  0%| F|  |TAMS 0x00000000d1500000, 0x00000000d1500000| Untracked 
| 202|0x00000000d1600000, 0x00000000d1600000, 0x00000000d1700000|  0%| F|  |TAMS 0x00000000d1600000, 0x00000000d1600000| Untracked 
| 203|0x00000000d1700000, 0x00000000d1700000, 0x00000000d1800000|  0%| F|  |TAMS 0x00000000d1700000, 0x00000000d1700000| Untracked 
| 204|0x00000000d1800000, 0x00000000d1800000, 0x00000000d1900000|  0%| F|  |TAMS 0x00000000d1800000, 0x00000000d1800000| Untracked 
| 205|0x00000000d1900000, 0x00000000d1900000, 0x00000000d1a00000|  0%| F|  |TAMS 0x00000000d1900000, 0x00000000d1900000| Untracked 
| 206|0x00000000d1a00000, 0x00000000d1a00000, 0x00000000d1b00000|  0%| F|  |TAMS 0x00000000d1a00000, 0x00000000d1a00000| Untracked 
| 207|0x00000000d1b00000, 0x00000000d1b00000, 0x00000000d1c00000|  0%| F|  |TAMS 0x00000000d1b00000, 0x00000000d1b00000| Untracked 
| 208|0x00000000d1c00000, 0x00000000d1c00000, 0x00000000d1d00000|  0%| F|  |TAMS 0x00000000d1c00000, 0x00000000d1c00000| Untracked 
| 209|0x00000000d1d00000, 0x00000000d1d00000, 0x00000000d1e00000|  0%| F|  |TAMS 0x00000000d1d00000, 0x00000000d1d00000| Untracked 
| 210|0x00000000d1e00000, 0x00000000d1e00000, 0x00000000d1f00000|  0%| F|  |TAMS 0x00000000d1e00000, 0x00000000d1e00000| Untracked 
| 211|0x00000000d1f00000, 0x00000000d1f00000, 0x00000000d2000000|  0%| F|  |TAMS 0x00000000d1f00000, 0x00000000d1f00000| Untracked 
| 212|0x00000000d2000000, 0x00000000d2000000, 0x00000000d2100000|  0%| F|  |TAMS 0x00000000d2000000, 0x00000000d2000000| Untracked 
| 213|0x00000000d2100000, 0x00000000d2100000, 0x00000000d2200000|  0%| F|  |TAMS 0x00000000d2100000, 0x00000000d2100000| Untracked 
| 214|0x00000000d2200000, 0x00000000d2200000, 0x00000000d2300000|  0%| F|  |TAMS 0x00000000d2200000, 0x00000000d2200000| Untracked 
| 215|0x00000000d2300000, 0x00000000d2300000, 0x00000000d2400000|  0%| F|  |TAMS 0x00000000d2300000, 0x00000000d2300000| Untracked 
| 216|0x00000000d2400000, 0x00000000d2400000, 0x00000000d2500000|  0%| F|  |TAMS 0x00000000d2400000, 0x00000000d2400000| Untracked 
| 217|0x00000000d2500000, 0x00000000d2500000, 0x00000000d2600000|  0%| F|  |TAMS 0x00000000d2500000, 0x00000000d2500000| Untracked 
| 218|0x00000000d2600000, 0x00000000d2600000, 0x00000000d2700000|  0%| F|  |TAMS 0x00000000d2600000, 0x00000000d2600000| Untracked 
| 219|0x00000000d2700000, 0x00000000d2700000, 0x00000000d2800000|  0%| F|  |TAMS 0x00000000d2700000, 0x00000000d2700000| Untracked 
| 220|0x00000000d2800000, 0x00000000d2800000, 0x00000000d2900000|  0%| F|  |TAMS 0x00000000d2800000, 0x00000000d2800000| Untracked 
| 221|0x00000000d2900000, 0x00000000d29f7728, 0x00000000d2a00000| 96%| S|CS|TAMS 0x00000000d2900000, 0x00000000d2900000| Complete 
| 222|0x00000000d2a00000, 0x00000000d2b00000, 0x00000000d2b00000|100%| S|CS|TAMS 0x00000000d2a00000, 0x00000000d2a00000| Complete 
| 223|0x00000000d2b00000, 0x00000000d2c00000, 0x00000000d2c00000|100%| S|CS|TAMS 0x00000000d2b00000, 0x00000000d2b00000| Complete 
| 224|0x00000000d2c00000, 0x00000000d2d00000, 0x00000000d2d00000|100%| S|CS|TAMS 0x00000000d2c00000, 0x00000000d2c00000| Complete 
| 225|0x00000000d2d00000, 0x00000000d2e00000, 0x00000000d2e00000|100%| S|CS|TAMS 0x00000000d2d00000, 0x00000000d2d00000| Complete 
| 226|0x00000000d2e00000, 0x00000000d2e00000, 0x00000000d2f00000|  0%| F|  |TAMS 0x00000000d2e00000, 0x00000000d2e00000| Untracked 
| 227|0x00000000d2f00000, 0x00000000d2f00000, 0x00000000d3000000|  0%| F|  |TAMS 0x00000000d2f00000, 0x00000000d2f00000| Untracked 
| 228|0x00000000d3000000, 0x00000000d3000000, 0x00000000d3100000|  0%| F|  |TAMS 0x00000000d3000000, 0x00000000d3000000| Untracked 
| 229|0x00000000d3100000, 0x00000000d3100000, 0x00000000d3200000|  0%| F|  |TAMS 0x00000000d3100000, 0x00000000d3100000| Untracked 
| 230|0x00000000d3200000, 0x00000000d3200000, 0x00000000d3300000|  0%| F|  |TAMS 0x00000000d3200000, 0x00000000d3200000| Untracked 
| 231|0x00000000d3300000, 0x00000000d3300000, 0x00000000d3400000|  0%| F|  |TAMS 0x00000000d3300000, 0x00000000d3300000| Untracked 
| 232|0x00000000d3400000, 0x00000000d3400000, 0x00000000d3500000|  0%| F|  |TAMS 0x00000000d3400000, 0x00000000d3400000| Untracked 
| 233|0x00000000d3500000, 0x00000000d3500000, 0x00000000d3600000|  0%| F|  |TAMS 0x00000000d3500000, 0x00000000d3500000| Untracked 
| 234|0x00000000d3600000, 0x00000000d3600000, 0x00000000d3700000|  0%| F|  |TAMS 0x00000000d3600000, 0x00000000d3600000| Untracked 
| 235|0x00000000d3700000, 0x00000000d3700000, 0x00000000d3800000|  0%| F|  |TAMS 0x00000000d3700000, 0x00000000d3700000| Untracked 
| 236|0x00000000d3800000, 0x00000000d3800000, 0x00000000d3900000|  0%| F|  |TAMS 0x00000000d3800000, 0x00000000d3800000| Untracked 
| 237|0x00000000d3900000, 0x00000000d3900000, 0x00000000d3a00000|  0%| F|  |TAMS 0x00000000d3900000, 0x00000000d3900000| Untracked 
| 238|0x00000000d3a00000, 0x00000000d3a00000, 0x00000000d3b00000|  0%| F|  |TAMS 0x00000000d3a00000, 0x00000000d3a00000| Untracked 
| 239|0x00000000d3b00000, 0x00000000d3b00000, 0x00000000d3c00000|  0%| F|  |TAMS 0x00000000d3b00000, 0x00000000d3b00000| Untracked 
| 240|0x00000000d3c00000, 0x00000000d3c00000, 0x00000000d3d00000|  0%| F|  |TAMS 0x00000000d3c00000, 0x00000000d3c00000| Untracked 
| 241|0x00000000d3d00000, 0x00000000d3d00000, 0x00000000d3e00000|  0%| F|  |TAMS 0x00000000d3d00000, 0x00000000d3d00000| Untracked 
| 242|0x00000000d3e00000, 0x00000000d3e00000, 0x00000000d3f00000|  0%| F|  |TAMS 0x00000000d3e00000, 0x00000000d3e00000| Untracked 
| 243|0x00000000d3f00000, 0x00000000d3f00000, 0x00000000d4000000|  0%| F|  |TAMS 0x00000000d3f00000, 0x00000000d3f00000| Untracked 
| 244|0x00000000d4000000, 0x00000000d4000000, 0x00000000d4100000|  0%| F|  |TAMS 0x00000000d4000000, 0x00000000d4000000| Untracked 
| 245|0x00000000d4100000, 0x00000000d4100000, 0x00000000d4200000|  0%| F|  |TAMS 0x00000000d4100000, 0x00000000d4100000| Untracked 
| 246|0x00000000d4200000, 0x00000000d4200000, 0x00000000d4300000|  0%| F|  |TAMS 0x00000000d4200000, 0x00000000d4200000| Untracked 
| 247|0x00000000d4300000, 0x00000000d4300000, 0x00000000d4400000|  0%| F|  |TAMS 0x00000000d4300000, 0x00000000d4300000| Untracked 
| 248|0x00000000d4400000, 0x00000000d4400000, 0x00000000d4500000|  0%| F|  |TAMS 0x00000000d4400000, 0x00000000d4400000| Untracked 
| 249|0x00000000d4500000, 0x00000000d4500000, 0x00000000d4600000|  0%| F|  |TAMS 0x00000000d4500000, 0x00000000d4500000| Untracked 
| 250|0x00000000d4600000, 0x00000000d4600000, 0x00000000d4700000|  0%| F|  |TAMS 0x00000000d4600000, 0x00000000d4600000| Untracked 
| 251|0x00000000d4700000, 0x00000000d4700000, 0x00000000d4800000|  0%| F|  |TAMS 0x00000000d4700000, 0x00000000d4700000| Untracked 
| 252|0x00000000d4800000, 0x00000000d4800000, 0x00000000d4900000|  0%| F|  |TAMS 0x00000000d4800000, 0x00000000d4800000| Untracked 
| 253|0x00000000d4900000, 0x00000000d4900000, 0x00000000d4a00000|  0%| F|  |TAMS 0x00000000d4900000, 0x00000000d4900000| Untracked 
| 254|0x00000000d4a00000, 0x00000000d4a00000, 0x00000000d4b00000|  0%| F|  |TAMS 0x00000000d4a00000, 0x00000000d4a00000| Untracked 
| 255|0x00000000d4b00000, 0x00000000d4b00000, 0x00000000d4c00000|  0%| F|  |TAMS 0x00000000d4b00000, 0x00000000d4b00000| Untracked 
| 256|0x00000000d4c00000, 0x00000000d4c00000, 0x00000000d4d00000|  0%| F|  |TAMS 0x00000000d4c00000, 0x00000000d4c00000| Untracked 
| 257|0x00000000d4d00000, 0x00000000d4d00000, 0x00000000d4e00000|  0%| F|  |TAMS 0x00000000d4d00000, 0x00000000d4d00000| Untracked 
| 258|0x00000000d4e00000, 0x00000000d4e00000, 0x00000000d4f00000|  0%| F|  |TAMS 0x00000000d4e00000, 0x00000000d4e00000| Untracked 
| 259|0x00000000d4f00000, 0x00000000d4f00000, 0x00000000d5000000|  0%| F|  |TAMS 0x00000000d4f00000, 0x00000000d4f00000| Untracked 
| 260|0x00000000d5000000, 0x00000000d5000000, 0x00000000d5100000|  0%| F|  |TAMS 0x00000000d5000000, 0x00000000d5000000| Untracked 
| 261|0x00000000d5100000, 0x00000000d5100000, 0x00000000d5200000|  0%| F|  |TAMS 0x00000000d5100000, 0x00000000d5100000| Untracked 
| 262|0x00000000d5200000, 0x00000000d5200000, 0x00000000d5300000|  0%| F|  |TAMS 0x00000000d5200000, 0x00000000d5200000| Untracked 
| 263|0x00000000d5300000, 0x00000000d5300000, 0x00000000d5400000|  0%| F|  |TAMS 0x00000000d5300000, 0x00000000d5300000| Untracked 
| 264|0x00000000d5400000, 0x00000000d5400000, 0x00000000d5500000|  0%| F|  |TAMS 0x00000000d5400000, 0x00000000d5400000| Untracked 
| 265|0x00000000d5500000, 0x00000000d5500000, 0x00000000d5600000|  0%| F|  |TAMS 0x00000000d5500000, 0x00000000d5500000| Untracked 
| 266|0x00000000d5600000, 0x00000000d5600000, 0x00000000d5700000|  0%| F|  |TAMS 0x00000000d5600000, 0x00000000d5600000| Untracked 
| 267|0x00000000d5700000, 0x00000000d5700000, 0x00000000d5800000|  0%| F|  |TAMS 0x00000000d5700000, 0x00000000d5700000| Untracked 
| 268|0x00000000d5800000, 0x00000000d5800000, 0x00000000d5900000|  0%| F|  |TAMS 0x00000000d5800000, 0x00000000d5800000| Untracked 
| 269|0x00000000d5900000, 0x00000000d5900000, 0x00000000d5a00000|  0%| F|  |TAMS 0x00000000d5900000, 0x00000000d5900000| Untracked 
| 270|0x00000000d5a00000, 0x00000000d5a00000, 0x00000000d5b00000|  0%| F|  |TAMS 0x00000000d5a00000, 0x00000000d5a00000| Untracked 
| 271|0x00000000d5b00000, 0x00000000d5b00000, 0x00000000d5c00000|  0%| F|  |TAMS 0x00000000d5b00000, 0x00000000d5b00000| Untracked 
| 272|0x00000000d5c00000, 0x00000000d5c00000, 0x00000000d5d00000|  0%| F|  |TAMS 0x00000000d5c00000, 0x00000000d5c00000| Untracked 
| 273|0x00000000d5d00000, 0x00000000d5d00000, 0x00000000d5e00000|  0%| F|  |TAMS 0x00000000d5d00000, 0x00000000d5d00000| Untracked 
| 274|0x00000000d5e00000, 0x00000000d5e00000, 0x00000000d5f00000|  0%| F|  |TAMS 0x00000000d5e00000, 0x00000000d5e00000| Untracked 
| 275|0x00000000d5f00000, 0x00000000d5f00000, 0x00000000d6000000|  0%| F|  |TAMS 0x00000000d5f00000, 0x00000000d5f00000| Untracked 
| 276|0x00000000d6000000, 0x00000000d6000000, 0x00000000d6100000|  0%| F|  |TAMS 0x00000000d6000000, 0x00000000d6000000| Untracked 
| 277|0x00000000d6100000, 0x00000000d6100000, 0x00000000d6200000|  0%| F|  |TAMS 0x00000000d6100000, 0x00000000d6100000| Untracked 
| 278|0x00000000d6200000, 0x00000000d6200000, 0x00000000d6300000|  0%| F|  |TAMS 0x00000000d6200000, 0x00000000d6200000| Untracked 
| 279|0x00000000d6300000, 0x00000000d6300000, 0x00000000d6400000|  0%| F|  |TAMS 0x00000000d6300000, 0x00000000d6300000| Untracked 
| 280|0x00000000d6400000, 0x00000000d6400000, 0x00000000d6500000|  0%| F|  |TAMS 0x00000000d6400000, 0x00000000d6400000| Untracked 
| 281|0x00000000d6500000, 0x00000000d6500000, 0x00000000d6600000|  0%| F|  |TAMS 0x00000000d6500000, 0x00000000d6500000| Untracked 
| 282|0x00000000d6600000, 0x00000000d6600000, 0x00000000d6700000|  0%| F|  |TAMS 0x00000000d6600000, 0x00000000d6600000| Untracked 
| 283|0x00000000d6700000, 0x00000000d6700000, 0x00000000d6800000|  0%| F|  |TAMS 0x00000000d6700000, 0x00000000d6700000| Untracked 
| 284|0x00000000d6800000, 0x00000000d6800000, 0x00000000d6900000|  0%| F|  |TAMS 0x00000000d6800000, 0x00000000d6800000| Untracked 
| 285|0x00000000d6900000, 0x00000000d6900000, 0x00000000d6a00000|  0%| F|  |TAMS 0x00000000d6900000, 0x00000000d6900000| Untracked 
| 286|0x00000000d6a00000, 0x00000000d6a00000, 0x00000000d6b00000|  0%| F|  |TAMS 0x00000000d6a00000, 0x00000000d6a00000| Untracked 
| 287|0x00000000d6b00000, 0x00000000d6b00000, 0x00000000d6c00000|  0%| F|  |TAMS 0x00000000d6b00000, 0x00000000d6b00000| Untracked 
| 288|0x00000000d6c00000, 0x00000000d6c00000, 0x00000000d6d00000|  0%| F|  |TAMS 0x00000000d6c00000, 0x00000000d6c00000| Untracked 
| 289|0x00000000d6d00000, 0x00000000d6d00000, 0x00000000d6e00000|  0%| F|  |TAMS 0x00000000d6d00000, 0x00000000d6d00000| Untracked 
| 290|0x00000000d6e00000, 0x00000000d6e00000, 0x00000000d6f00000|  0%| F|  |TAMS 0x00000000d6e00000, 0x00000000d6e00000| Untracked 
| 291|0x00000000d6f00000, 0x00000000d6f00000, 0x00000000d7000000|  0%| F|  |TAMS 0x00000000d6f00000, 0x00000000d6f00000| Untracked 
| 292|0x00000000d7000000, 0x00000000d7000000, 0x00000000d7100000|  0%| F|  |TAMS 0x00000000d7000000, 0x00000000d7000000| Untracked 
| 293|0x00000000d7100000, 0x00000000d7100000, 0x00000000d7200000|  0%| F|  |TAMS 0x00000000d7100000, 0x00000000d7100000| Untracked 
| 294|0x00000000d7200000, 0x00000000d7200000, 0x00000000d7300000|  0%| F|  |TAMS 0x00000000d7200000, 0x00000000d7200000| Untracked 
| 295|0x00000000d7300000, 0x00000000d7300000, 0x00000000d7400000|  0%| F|  |TAMS 0x00000000d7300000, 0x00000000d7300000| Untracked 
| 296|0x00000000d7400000, 0x00000000d7400000, 0x00000000d7500000|  0%| F|  |TAMS 0x00000000d7400000, 0x00000000d7400000| Untracked 
| 297|0x00000000d7500000, 0x00000000d7500000, 0x00000000d7600000|  0%| F|  |TAMS 0x00000000d7500000, 0x00000000d7500000| Untracked 
| 298|0x00000000d7600000, 0x00000000d7600000, 0x00000000d7700000|  0%| F|  |TAMS 0x00000000d7600000, 0x00000000d7600000| Untracked 
| 299|0x00000000d7700000, 0x00000000d7700000, 0x00000000d7800000|  0%| F|  |TAMS 0x00000000d7700000, 0x00000000d7700000| Untracked 
| 300|0x00000000d7800000, 0x00000000d7800000, 0x00000000d7900000|  0%| F|  |TAMS 0x00000000d7800000, 0x00000000d7800000| Untracked 
| 301|0x00000000d7900000, 0x00000000d7900000, 0x00000000d7a00000|  0%| F|  |TAMS 0x00000000d7900000, 0x00000000d7900000| Untracked 
| 302|0x00000000d7a00000, 0x00000000d7a00000, 0x00000000d7b00000|  0%| F|  |TAMS 0x00000000d7a00000, 0x00000000d7a00000| Untracked 
| 303|0x00000000d7b00000, 0x00000000d7b00000, 0x00000000d7c00000|  0%| F|  |TAMS 0x00000000d7b00000, 0x00000000d7b00000| Untracked 
| 304|0x00000000d7c00000, 0x00000000d7c00000, 0x00000000d7d00000|  0%| F|  |TAMS 0x00000000d7c00000, 0x00000000d7c00000| Untracked 
| 305|0x00000000d7d00000, 0x00000000d7d00000, 0x00000000d7e00000|  0%| F|  |TAMS 0x00000000d7d00000, 0x00000000d7d00000| Untracked 
| 306|0x00000000d7e00000, 0x00000000d7e00000, 0x00000000d7f00000|  0%| F|  |TAMS 0x00000000d7e00000, 0x00000000d7e00000| Untracked 
| 307|0x00000000d7f00000, 0x00000000d7f00000, 0x00000000d8000000|  0%| F|  |TAMS 0x00000000d7f00000, 0x00000000d7f00000| Untracked 
| 308|0x00000000d8000000, 0x00000000d8000000, 0x00000000d8100000|  0%| F|  |TAMS 0x00000000d8000000, 0x00000000d8000000| Untracked 
| 309|0x00000000d8100000, 0x00000000d8100000, 0x00000000d8200000|  0%| F|  |TAMS 0x00000000d8100000, 0x00000000d8100000| Untracked 
| 310|0x00000000d8200000, 0x00000000d8200000, 0x00000000d8300000|  0%| F|  |TAMS 0x00000000d8200000, 0x00000000d8200000| Untracked 
| 311|0x00000000d8300000, 0x00000000d8300000, 0x00000000d8400000|  0%| F|  |TAMS 0x00000000d8300000, 0x00000000d8300000| Untracked 
| 312|0x00000000d8400000, 0x00000000d8400000, 0x00000000d8500000|  0%| F|  |TAMS 0x00000000d8400000, 0x00000000d8400000| Untracked 
| 313|0x00000000d8500000, 0x00000000d85c9770, 0x00000000d8600000| 78%| E|  |TAMS 0x00000000d8500000, 0x00000000d8500000| Complete 
| 314|0x00000000d8600000, 0x00000000d8700000, 0x00000000d8700000|100%| E|CS|TAMS 0x00000000d8600000, 0x00000000d8600000| Complete 
| 315|0x00000000d8700000, 0x00000000d8800000, 0x00000000d8800000|100%| E|  |TAMS 0x00000000d8700000, 0x00000000d8700000| Complete 
| 316|0x00000000d8800000, 0x00000000d8900000, 0x00000000d8900000|100%| E|CS|TAMS 0x00000000d8800000, 0x00000000d8800000| Complete 
| 317|0x00000000d8900000, 0x00000000d8a00000, 0x00000000d8a00000|100%| E|CS|TAMS 0x00000000d8900000, 0x00000000d8900000| Complete 
| 318|0x00000000d8a00000, 0x00000000d8b00000, 0x00000000d8b00000|100%| E|CS|TAMS 0x00000000d8a00000, 0x00000000d8a00000| Complete 
| 319|0x00000000d8b00000, 0x00000000d8c00000, 0x00000000d8c00000|100%| E|CS|TAMS 0x00000000d8b00000, 0x00000000d8b00000| Complete 
| 320|0x00000000d8c00000, 0x00000000d8d00000, 0x00000000d8d00000|100%| E|CS|TAMS 0x00000000d8c00000, 0x00000000d8c00000| Complete 
| 321|0x00000000d8d00000, 0x00000000d8e00000, 0x00000000d8e00000|100%| E|CS|TAMS 0x00000000d8d00000, 0x00000000d8d00000| Complete 
| 322|0x00000000d8e00000, 0x00000000d8f00000, 0x00000000d8f00000|100%| E|CS|TAMS 0x00000000d8e00000, 0x00000000d8e00000| Complete 
| 323|0x00000000d8f00000, 0x00000000d9000000, 0x00000000d9000000|100%| E|CS|TAMS 0x00000000d8f00000, 0x00000000d8f00000| Complete 

Card table byte_map: [0x000002094f1a0000,0x000002094f380000] _byte_map_base: 0x000002094eb7a000

Marking Bits (Prev, Next): (CMBitMap*) 0x00000209381b5ad0, (CMBitMap*) 0x00000209381b5a90
 Prev Bits: [0x0000020950430000, 0x0000020951300000)
 Next Bits: [0x000002094f560000, 0x0000020950430000)

Polling page: 0x00000209360f0000

Metaspace:

Usage:
  Non-class:     78.36 MB used.
      Class:     12.21 MB used.
       Both:     90.57 MB used.

Virtual space:
  Non-class space:      128.00 MB reserved,      78.69 MB ( 61%) committed,  2 nodes.
      Class space:        1.00 GB reserved,      12.56 MB (  1%) committed,  1 nodes.
             Both:        1.12 GB reserved,      91.25 MB (  8%) committed. 

Chunk freelists:
   Non-Class:  1.31 MB
       Class:  3.34 MB
        Both:  4.66 MB

MaxMetaspaceSize: unlimited
CompressedClassSpaceSize: 1.00 GB
Initial GC threshold: 21.00 MB
Current GC threshold: 141.88 MB
CDS: on
MetaspaceReclaimPolicy: balanced
 - commit_granule_bytes: 65536.
 - commit_granule_words: 8192.
 - virtual_space_node_default_size: 8388608.
 - enlarge_chunks_in_place: 1.
 - new_chunks_are_fully_committed: 0.
 - uncommit_free_chunks: 1.
 - use_allocation_guard: 0.
 - handle_deallocations: 1.


Internal statistics:

num_allocs_failed_limit: 6.
num_arena_births: 1046.
num_arena_deaths: 0.
num_vsnodes_births: 3.
num_vsnodes_deaths: 0.
num_space_committed: 1460.
num_space_uncommitted: 0.
num_chunks_returned_to_freelist: 6.
num_chunks_taken_from_freelist: 4478.
num_chunk_merges: 6.
num_chunk_splits: 3245.
num_chunks_enlarged: 2536.
num_inconsistent_stats: 0.

CodeHeap 'non-profiled nmethods': size=120000Kb used=4211Kb max_used=4458Kb free=115788Kb
 bounds [0x0000020947760000, 0x0000020947bc0000, 0x000002094ec90000]
CodeHeap 'profiled nmethods': size=120000Kb used=15600Kb max_used=16803Kb free=104400Kb
 bounds [0x000002093fc90000, 0x0000020940d00000, 0x00000209471c0000]
CodeHeap 'non-nmethods': size=5760Kb used=1416Kb max_used=1457Kb free=4344Kb
 bounds [0x00000209471c0000, 0x0000020947430000, 0x0000020947760000]
 total_blobs=9086 nmethods=8335 adapters=662
 compilation: enabled
              stopped_count=0, restarted_count=0
 full_count=0

Compilation events (20 events):
Event: 42.621 Thread 0x0000020953ce89a0 nmethod 9904 0x0000020947b46f90 code [0x0000020947b47160, 0x0000020947b47858]
Event: 42.621 Thread 0x0000020953ce89a0 9905       4       org.springframework.boot.ansi.AnsiOutput::isEnabled (46 bytes)
Event: 42.622 Thread 0x0000020953ce89a0 nmethod 9905 0x00000209477e4690 code [0x00000209477e4800, 0x00000209477e4898]
Event: 42.622 Thread 0x0000020953ce89a0 9912   !   4       java.util.concurrent.ConcurrentHashMap::computeIfAbsent (576 bytes)
Event: 42.686 Thread 0x0000020953ce89a0 nmethod 9912 0x0000020947b70490 code [0x0000020947b706c0, 0x0000020947b72030]
Event: 42.686 Thread 0x0000020953ce89a0 9913       4       org.springframework.beans.factory.support.AbstractBeanFactory::isTypeMatch (745 bytes)
Event: 42.691 Thread 0x0000020953cec7b0 9915       3       java.time.ZoneRegion::getRules (23 bytes)
Event: 42.693 Thread 0x0000020953cec7b0 nmethod 9915 0x0000020940884690 code [0x0000020940884880, 0x0000020940884c48]
Event: 42.725 Thread 0x0000020953cec7b0 9916       3       java.lang.invoke.MethodHandle::asCollectorChecks (74 bytes)
Event: 42.728 Thread 0x0000020953cec7b0 nmethod 9916 0x00000209401dda10 code [0x00000209401ddc20, 0x00000209401de278]
Event: 42.736 Thread 0x0000020953cec7b0 9917       3       java.io.StringReader::ensureOpen (18 bytes)
Event: 42.737 Thread 0x0000020953cec7b0 nmethod 9917 0x0000020940952610 code [0x00000209409527c0, 0x00000209409529c8]
Event: 42.746 Thread 0x0000020953cec7b0 9918   !   3       java.io.StringReader::mark (44 bytes)
Event: 42.747 Thread 0x0000020953cec7b0 nmethod 9918 0x000002094060e590 code [0x000002094060e760, 0x000002094060ebd8]
Event: 42.747 Thread 0x0000020953cec7b0 9919   !   3       java.io.StringReader::read (52 bytes)
Event: 42.747 Thread 0x0000020953cec7b0 nmethod 9919 0x0000020940343810 code [0x0000020940343a60, 0x0000020940344368]
Event: 42.808 Thread 0x0000020953cec7b0 9922       3       java.lang.invoke.MethodType::equals (56 bytes)
Event: 42.809 Thread 0x0000020953cec7b0 nmethod 9922 0x0000020940bc3e90 code [0x0000020940bc40c0, 0x0000020940bc4c38]
Event: 42.816 Thread 0x0000020953cec7b0 9923       3       java.nio.HeapCharBuffer::<init> (21 bytes)
Event: 42.817 Thread 0x0000020953cec7b0 nmethod 9923 0x00000209408c9e10 code [0x00000209408c9fc0, 0x00000209408ca1e8]

GC Heap History (20 events):
Event: 12.044 GC heap before
{Heap before GC invocations=37 (full 0):
 garbage-first heap   total 81920K, used 68018K [0x00000000c4c00000, 0x0000000100000000)
  region size 1024K, 24 young (24576K), 1 survivors (1024K)
 Metaspace       used 78677K, committed 79296K, reserved 1179648K
  class space    used 10847K, committed 11136K, reserved 1048576K
}
Event: 12.047 GC heap after
{Heap after GC invocations=38 (full 0):
 garbage-first heap   total 141312K, used 46252K [0x00000000c4c00000, 0x0000000100000000)
  region size 1024K, 2 young (2048K), 2 survivors (2048K)
 Metaspace       used 78677K, committed 79296K, reserved 1179648K
  class space    used 10847K, committed 11136K, reserved 1048576K
}
Event: 14.059 GC heap before
{Heap before GC invocations=39 (full 0):
 garbage-first heap   total 141312K, used 119980K [0x00000000c4c00000, 0x0000000100000000)
  region size 1024K, 72 young (73728K), 2 survivors (2048K)
 Metaspace       used 86258K, committed 86848K, reserved 1179648K
  class space    used 11655K, committed 11968K, reserved 1048576K
}
Event: 14.069 GC heap after
{Heap after GC invocations=40 (full 0):
 garbage-first heap   total 141312K, used 53472K [0x00000000c4c00000, 0x0000000100000000)
  region size 1024K, 8 young (8192K), 8 survivors (8192K)
 Metaspace       used 86258K, committed 86848K, reserved 1179648K
  class space    used 11655K, committed 11968K, reserved 1048576K
}
Event: 14.216 GC heap before
{Heap before GC invocations=40 (full 0):
 garbage-first heap   total 141312K, used 111840K [0x00000000c4c00000, 0x0000000100000000)
  region size 1024K, 63 young (64512K), 8 survivors (8192K)
 Metaspace       used 86341K, committed 86976K, reserved 1179648K
  class space    used 11655K, committed 11968K, reserved 1048576K
}
Event: 14.228 GC heap after
{Heap after GC invocations=41 (full 0):
 garbage-first heap   total 141312K, used 64679K [0x00000000c4c00000, 0x0000000100000000)
  region size 1024K, 8 young (8192K), 8 survivors (8192K)
 Metaspace       used 86341K, committed 86976K, reserved 1179648K
  class space    used 11655K, committed 11968K, reserved 1048576K
}
Event: 14.344 GC heap before
{Heap before GC invocations=41 (full 0):
 garbage-first heap   total 141312K, used 109735K [0x00000000c4c00000, 0x0000000100000000)
  region size 1024K, 51 young (52224K), 8 survivors (8192K)
 Metaspace       used 86501K, committed 87104K, reserved 1179648K
  class space    used 11669K, committed 11968K, reserved 1048576K
}
Event: 14.356 GC heap after
{Heap after GC invocations=42 (full 0):
 garbage-first heap   total 141312K, used 78631K [0x00000000c4c00000, 0x0000000100000000)
  region size 1024K, 7 young (7168K), 7 survivors (7168K)
 Metaspace       used 86501K, committed 87104K, reserved 1179648K
  class space    used 11669K, committed 11968K, reserved 1048576K
}
Event: 14.376 GC heap before
{Heap before GC invocations=42 (full 0):
 garbage-first heap   total 141312K, used 92967K [0x00000000c4c00000, 0x0000000100000000)
  region size 1024K, 22 young (22528K), 7 survivors (7168K)
 Metaspace       used 86501K, committed 87104K, reserved 1179648K
  class space    used 11669K, committed 11968K, reserved 1048576K
}
Event: 14.383 GC heap after
{Heap after GC invocations=43 (full 0):
 garbage-first heap   total 141312K, used 82651K [0x00000000c4c00000, 0x0000000100000000)
  region size 1024K, 4 young (4096K), 4 survivors (4096K)
 Metaspace       used 86501K, committed 87104K, reserved 1179648K
  class space    used 11669K, committed 11968K, reserved 1048576K
}
Event: 14.456 GC heap before
{Heap before GC invocations=43 (full 0):
 garbage-first heap   total 141312K, used 112347K [0x00000000c4c00000, 0x0000000100000000)
  region size 1024K, 32 young (32768K), 4 survivors (4096K)
 Metaspace       used 86540K, committed 87168K, reserved 1179648K
  class space    used 11669K, committed 11968K, reserved 1048576K
}
Event: 14.462 GC heap after
{Heap after GC invocations=44 (full 0):
 garbage-first heap   total 141312K, used 88686K [0x00000000c4c00000, 0x0000000100000000)
  region size 1024K, 4 young (4096K), 4 survivors (4096K)
 Metaspace       used 86540K, committed 87168K, reserved 1179648K
  class space    used 11669K, committed 11968K, reserved 1048576K
}
Event: 14.544 GC heap before
{Heap before GC invocations=45 (full 0):
 garbage-first heap   total 157696K, used 112238K [0x00000000c4c00000, 0x0000000100000000)
  region size 1024K, 28 young (28672K), 4 survivors (4096K)
 Metaspace       used 86609K, committed 87232K, reserved 1179648K
  class space    used 11675K, committed 11968K, reserved 1048576K
}
Event: 14.552 GC heap after
{Heap after GC invocations=46 (full 0):
 garbage-first heap   total 157696K, used 98452K [0x00000000c4c00000, 0x0000000100000000)
  region size 1024K, 4 young (4096K), 4 survivors (4096K)
 Metaspace       used 86609K, committed 87232K, reserved 1179648K
  class space    used 11675K, committed 11968K, reserved 1048576K
}
Event: 14.571 GC heap before
{Heap before GC invocations=46 (full 0):
 garbage-first heap   total 157696K, used 102548K [0x00000000c4c00000, 0x0000000100000000)
  region size 1024K, 7 young (7168K), 4 survivors (4096K)
 Metaspace       used 86624K, committed 87232K, reserved 1179648K
  class space    used 11675K, committed 11968K, reserved 1048576K
}
Event: 14.577 GC heap after
{Heap after GC invocations=47 (full 0):
 garbage-first heap   total 331776K, used 96994K [0x00000000c4c00000, 0x0000000100000000)
  region size 1024K, 1 young (1024K), 1 survivors (1024K)
 Metaspace       used 86624K, committed 87232K, reserved 1179648K
  class space    used 11675K, committed 11968K, reserved 1048576K
}
Event: 14.929 GC heap before
{Heap before GC invocations=47 (full 0):
 garbage-first heap   total 331776K, used 234210K [0x00000000c4c00000, 0x0000000100000000)
  region size 1024K, 130 young (133120K), 1 survivors (1024K)
 Metaspace       used 86736K, committed 87360K, reserved 1179648K
  class space    used 11682K, committed 12032K, reserved 1048576K
}
Event: 14.978 GC heap after
{Heap after GC invocations=48 (full 0):
 garbage-first heap   total 331776K, used 126928K [0x00000000c4c00000, 0x0000000100000000)
  region size 1024K, 17 young (17408K), 17 survivors (17408K)
 Metaspace       used 86736K, committed 87360K, reserved 1179648K
  class space    used 11682K, committed 12032K, reserved 1048576K
}
Event: 16.394 GC heap before
{Heap before GC invocations=48 (full 0):
 garbage-first heap   total 331776K, used 227280K [0x00000000c4c00000, 0x0000000100000000)
  region size 1024K, 115 young (117760K), 17 survivors (17408K)
 Metaspace       used 91512K, committed 92160K, reserved 1179648K
  class space    used 12340K, committed 12672K, reserved 1048576K
}
Event: 16.406 GC heap after
{Heap after GC invocations=49 (full 0):
 garbage-first heap   total 331776K, used 123869K [0x00000000c4c00000, 0x0000000100000000)
  region size 1024K, 5 young (5120K), 5 survivors (5120K)
 Metaspace       used 91512K, committed 92160K, reserved 1179648K
  class space    used 12340K, committed 12672K, reserved 1048576K
}

Dll operation events (13 events):
Event: 0.013 Loaded shared library C:\Users\phamh\.jdks\corretto-17.0.14\bin\java.dll
Event: 0.050 Loaded shared library C:\Users\phamh\.jdks\corretto-17.0.14\bin\jsvml.dll
Event: 0.207 Loaded shared library C:\Users\phamh\.jdks\corretto-17.0.14\bin\zip.dll
Event: 0.211 Loaded shared library C:\Users\phamh\.jdks\corretto-17.0.14\bin\instrument.dll
Event: 0.217 Loaded shared library C:\Users\phamh\.jdks\corretto-17.0.14\bin\net.dll
Event: 0.218 Loaded shared library C:\Users\phamh\.jdks\corretto-17.0.14\bin\nio.dll
Event: 0.220 Loaded shared library C:\Users\phamh\.jdks\corretto-17.0.14\bin\zip.dll
Event: 0.411 Loaded shared library C:\Users\phamh\.jdks\corretto-17.0.14\bin\extnet.dll
Event: 0.431 Loaded shared library C:\Users\phamh\.jdks\corretto-17.0.14\bin\verify.dll
Event: 0.437 Loaded shared library C:\Users\phamh\.jdks\corretto-17.0.14\bin\jimage.dll
Event: 0.755 Loaded shared library C:\Users\phamh\.jdks\corretto-17.0.14\bin\management.dll
Event: 0.757 Loaded shared library C:\Users\phamh\.jdks\corretto-17.0.14\bin\management_ext.dll
Event: 2.774 Loaded shared library C:\Users\phamh\.jdks\corretto-17.0.14\bin\sunmscapi.dll

Deoptimization events (20 events):
Event: 42.749 Thread 0x000002099d381170 Uncommon trap: reason=bimorphic_or_optimized_type_check action=maybe_recompile pc=0x0000020947b87244 method=java.util.concurrent.ConcurrentHashMap.putVal(Ljava/lang/Object;Ljava/lang/Object;Z)Ljava/lang/Object; @ 242 c2
Event: 42.750 Thread 0x000002099d381170 DEOPT PACKING pc=0x0000020947b87244 sp=0x00000033cd8fc970
Event: 42.750 Thread 0x000002099d384e30 DEOPT UNPACKING pc=0x000002094721a1a3 sp=0x00000033cd9fcd60 mode 2
Event: 42.750 Thread 0x000002099d381170 DEOPT UNPACKING pc=0x000002094721a1a3 sp=0x00000033cd8fc8f0 mode 2
Event: 42.750 Thread 0x000002099d381170 Uncommon trap: trap_request=0xffffff45 fr.pc=0x00000209479c5c78 relative=0x0000000000000258
Event: 42.751 Thread 0x000002099d384e30 Uncommon trap: trap_request=0xffffff45 fr.pc=0x00000209479c5c78 relative=0x0000000000000258
Event: 42.751 Thread 0x000002099d384e30 Uncommon trap: reason=unstable_if action=reinterpret pc=0x00000209479c5c78 method=java.lang.invoke.MethodType.equals(Ljava/lang/Object;)Z @ 11 c2
Event: 42.751 Thread 0x000002099d384e30 DEOPT PACKING pc=0x00000209479c5c78 sp=0x00000033cd9fccb0
Event: 42.751 Thread 0x000002099d381170 Uncommon trap: reason=unstable_if action=reinterpret pc=0x00000209479c5c78 method=java.lang.invoke.MethodType.equals(Ljava/lang/Object;)Z @ 11 c2
Event: 42.751 Thread 0x000002099d381170 DEOPT PACKING pc=0x00000209479c5c78 sp=0x00000033cd8fc840
Event: 42.751 Thread 0x000002099d384e30 DEOPT UNPACKING pc=0x000002094721a1a3 sp=0x00000033cd9fcc78 mode 2
Event: 42.751 Thread 0x000002099d381170 DEOPT UNPACKING pc=0x000002094721a1a3 sp=0x00000033cd8fc808 mode 2
Event: 42.751 Thread 0x000002099d384e30 Uncommon trap: trap_request=0xffffff54 fr.pc=0x00000209479d2adc relative=0x0000000000004b9c
Event: 42.751 Thread 0x000002099d384e30 Uncommon trap: reason=speculate_null_assert action=make_not_entrant pc=0x00000209479d2adc method=java.lang.invoke.MethodType$ConcurrentWeakInternSet.add(Ljava/lang/Object;)Ljava/lang/Object; @ 47 c2
Event: 42.751 Thread 0x000002099d381170 Uncommon trap: trap_request=0xffffff54 fr.pc=0x00000209479d2adc relative=0x0000000000004b9c
Event: 42.751 Thread 0x000002099d384e30 DEOPT PACKING pc=0x00000209479d2adc sp=0x00000033cd9fcea0
Event: 42.751 Thread 0x000002099d381170 Uncommon trap: reason=speculate_null_assert action=make_not_entrant pc=0x00000209479d2adc method=java.lang.invoke.MethodType$ConcurrentWeakInternSet.add(Ljava/lang/Object;)Ljava/lang/Object; @ 47 c2
Event: 42.751 Thread 0x000002099d381170 DEOPT PACKING pc=0x00000209479d2adc sp=0x00000033cd8fca30
Event: 42.751 Thread 0x000002099d381170 DEOPT UNPACKING pc=0x000002094721a1a3 sp=0x00000033cd8fc9d8 mode 2
Event: 42.752 Thread 0x000002099d384e30 DEOPT UNPACKING pc=0x000002094721a1a3 sp=0x00000033cd9fce48 mode 2

Classes loaded (20 events):
Event: 41.694 Loading class sun/nio/ch/SocketChannelImpl$DefaultOptionsHolder
Event: 41.697 Loading class sun/nio/ch/SocketChannelImpl$DefaultOptionsHolder done
Event: 41.710 Loading class sun/nio/ch/SelectionKeyImpl
Event: 41.720 Loading class java/nio/channels/spi/AbstractSelectionKey
Event: 41.723 Loading class java/nio/channels/SelectionKey
Event: 41.727 Loading class java/nio/channels/SelectionKey done
Event: 41.728 Loading class java/nio/channels/spi/AbstractSelectionKey done
Event: 41.728 Loading class sun/nio/ch/SelectionKeyImpl done
Event: 41.732 Loading class java/lang/invoke/ConstantBootstraps
Event: 41.742 Loading class java/lang/invoke/ConstantBootstraps done
Event: 42.123 Loading class sun/nio/cs/ThreadLocalCoders
Event: 42.123 Loading class sun/nio/cs/ThreadLocalCoders done
Event: 42.124 Loading class sun/nio/cs/ThreadLocalCoders$1
Event: 42.124 Loading class sun/nio/cs/ThreadLocalCoders$Cache
Event: 42.124 Loading class sun/nio/cs/ThreadLocalCoders$Cache done
Event: 42.124 Loading class sun/nio/cs/ThreadLocalCoders$1 done
Event: 42.125 Loading class sun/nio/cs/ThreadLocalCoders$2
Event: 42.125 Loading class sun/nio/cs/ThreadLocalCoders$2 done
Event: 42.391 Loading class java/util/concurrent/locks/ReentrantReadWriteLock$Sync$HoldCounter
Event: 42.393 Loading class java/util/concurrent/locks/ReentrantReadWriteLock$Sync$HoldCounter done

Classes unloaded (0 events):
No events

Classes redefined (0 events):
No events

Internal exceptions (20 events):
Event: 14.833 Thread 0x000002099d380240 Exception <a 'sun/nio/fs/WindowsException'{0x00000000d3a45f00}> (0x00000000d3a45f00) 
thrown [s\src\hotspot\share\prims\jni.cpp, line 516]
Event: 14.833 Thread 0x000002099d380240 Exception <a 'sun/nio/fs/WindowsException'{0x00000000d3a46230}> (0x00000000d3a46230) 
thrown [s\src\hotspot\share\prims\jni.cpp, line 516]
Event: 15.310 Thread 0x0000020999f3ef40 Exception <a 'java/lang/NoSuchMethodError'{0x00000000d5c23088}: 'java.lang.Object java.lang.invoke.Invokers$Holder.invoker(java.lang.Object, java.lang.Object, java.lang.Object, java.lang.Object)'> (0x00000000d5c23088) 
thrown [s\src\hotspot\share\interpreter\linkResolver.cpp, line 759]
Event: 15.315 Thread 0x0000020999f3ef40 Exception <a 'java/lang/NoSuchMethodError'{0x00000000d5c2c788}: 'int java.lang.invoke.DirectMethodHandle$Holder.invokeSpecial(java.lang.Object, java.lang.Object, java.lang.Object, int)'> (0x00000000d5c2c788) 
thrown [s\src\hotspot\share\interpreter\linkResolver.cpp, line 759]
Event: 15.319 Thread 0x0000020999f3ef40 Exception <a 'java/lang/NoSuchMethodError'{0x00000000d5c3e950}: 'java.lang.Object java.lang.invoke.DirectMethodHandle$Holder.invokeStatic(java.lang.Object, java.lang.Object, java.lang.Object, java.lang.Object, int)'> (0x00000000d5c3e950) 
thrown [s\src\hotspot\share\interpreter\linkResolver.cpp, line 759]
Event: 15.320 Thread 0x0000020999f3ef40 Exception <a 'java/lang/NoSuchMethodError'{0x00000000d5c490d8}: 'void java.lang.invoke.DelegatingMethodHandle$Holder.reinvoke_L(java.lang.Object, java.lang.Object, int)'> (0x00000000d5c490d8) 
thrown [s\src\hotspot\share\interpreter\linkResolver.cpp, line 759]
Event: 15.321 Thread 0x0000020999f3ef40 Exception <a 'java/lang/NoSuchMethodError'{0x00000000d5c56f68}: 'java.lang.Object java.lang.invoke.Invokers$Holder.invokeExact_MT(java.lang.Object, java.lang.Object, java.lang.Object, java.lang.Object)'> (0x00000000d5c56f68) 
thrown [s\src\hotspot\share\interpreter\linkResolver.cpp, line 759]
Event: 15.377 Thread 0x0000020999f3ef40 Exception <a 'java/lang/NoSuchMethodError'{0x00000000d5bba990}: 'java.lang.Object java.lang.invoke.DirectMethodHandle$Holder.invokeInterface(java.lang.Object, java.lang.Object, java.lang.Object, java.lang.Object)'> (0x00000000d5bba990) 
thrown [s\src\hotspot\share\interpreter\linkResolver.cpp, line 759]
Event: 15.471 Thread 0x0000020999f3ef40 Exception <a 'java/lang/NoSuchMethodError'{0x00000000d572e450}: 'void java.lang.invoke.DirectMethodHandle$Holder.invokeVirtual(java.lang.Object, java.lang.Object, long)'> (0x00000000d572e450) 
thrown [s\src\hotspot\share\interpreter\linkResolver.cpp, line 759]
Event: 15.507 Thread 0x0000020999f3ef40 Exception <a 'java/lang/NoSuchMethodError'{0x00000000d5500308}: 'java.lang.Object java.lang.invoke.DirectMethodHandle$Holder.invokeSpecial(java.lang.Object, java.lang.Object, int, int, int, int)'> (0x00000000d5500308) 
thrown [s\src\hotspot\share\interpreter\linkResolver.cpp, line 759]
Event: 15.608 Thread 0x0000020999f3ef40 Exception <a 'java/lang/NoSuchMethodError'{0x00000000d510c2b8}: 'java.lang.Object java.lang.invoke.Invokers$Holder.invoke_MT(java.lang.Object, java.lang.Object, java.lang.Object, java.lang.Object, java.lang.Object, java.lang.Object, java.lang.Object, java.lang.Object, java.lang.Object)'> (0x00000000d510c2b8) 
thrown [s\src\hotspot\share\interpreter\linkResolver.cpp, line 759]
Event: 15.869 Thread 0x0000020999f3ef40 Exception <a 'java/lang/IncompatibleClassChangeError'{0x00000000d46c0df0}: Found class java.lang.Object, but interface was expected> (0x00000000d46c0df0) 
thrown [s\src\hotspot\share\interpreter\linkResolver.cpp, line 826]
Event: 15.898 Thread 0x0000020999f3ef40 Implicit null exception at 0x0000020947901a93 to 0x0000020947901b74
Event: 16.131 Thread 0x0000020999f3ef40 Exception <a 'java/lang/NoSuchMethodError'{0x00000000d3a70cf0}: 'java.lang.Object java.lang.invoke.DirectMethodHandle$Holder.invokeSpecial(java.lang.Object, java.lang.Object, java.lang.Object, java.lang.Object, java.lang.Object, java.lang.Object, java.lang.Object, java.lang.Object, java.lang.Object, java.lang.Object, java.lang.Object)'> (0x00000000d3a70cf0) 
thrown [s\src\hotspot\share\interpreter\linkResolver.cpp, line 759]
Event: 16.132 Thread 0x0000020999f3ef40 Exception <a 'java/lang/NoSuchMethodError'{0x00000000d3a75120}: 'java.lang.Object java.lang.invoke.Invokers$Holder.invoke_MT(java.lang.Object, java.lang.Object, java.lang.Object, java.lang.Object, java.lang.Object, java.lang.Object, java.lang.Object, java.lang.Object, java.lang.Object, java.lang.Object, java.lang.Object)'> (0x00000000d3a75120) 
thrown [s\src\hotspot\share\interpreter\linkResolver.cpp, line 759]
Event: 16.313 Thread 0x0000020999f3ef40 Exception <a 'java/lang/NoSuchMethodError'{0x00000000d322f630}: 'java.lang.Object java.lang.invoke.DirectMethodHandle$Holder.newInvokeSpecial(java.lang.Object, java.lang.Object, int, java.lang.Object, java.lang.Object)'> (0x00000000d322f630) 
thrown [s\src\hotspot\share\interpreter\linkResolver.cpp, line 759]
Event: 41.610 Thread 0x000002099d3834e0 Exception <a 'java/lang/NoSuchMethodError'{0x00000000d897e570}: 'java.lang.Object java.lang.invoke.DirectMethodHandle$Holder.invokeStatic(java.lang.Object, java.lang.Object, java.lang.Object, int, int)'> (0x00000000d897e570) 
thrown [s\src\hotspot\share\interpreter\linkResolver.cpp, line 759]
Event: 41.623 Thread 0x000002099d3834e0 Exception <a 'java/lang/NoSuchMethodError'{0x00000000d8981fb0}: 'java.lang.Object java.lang.invoke.DirectMethodHandle$Holder.invokeStaticInit(java.lang.Object, java.lang.Object, java.lang.Object, int, int)'> (0x00000000d8981fb0) 
thrown [s\src\hotspot\share\interpreter\linkResolver.cpp, line 759]
Event: 42.088 Thread 0x000002099d385d60 Exception <a 'java/lang/NoSuchMethodError'{0x00000000d8750b00}: 'java.lang.Object java.lang.invoke.DirectMethodHandle$Holder.invokeSpecial(java.lang.Object, java.lang.Object, java.lang.Object, java.lang.Object, java.lang.Object, long)'> (0x00000000d8750b00) 
thrown [s\src\hotspot\share\interpreter\linkResolver.cpp, line 759]
Event: 42.089 Thread 0x000002099d385d60 Exception <a 'java/lang/NoSuchMethodError'{0x00000000d8754540}: 'java.lang.Object java.lang.invoke.Invokers$Holder.linkToTargetMethod(java.lang.Object, java.lang.Object, java.lang.Object, long, java.lang.Object)'> (0x00000000d8754540) 
thrown [s\src\hotspot\share\interpreter\linkResolver.cpp, line 759]

VM Operations (20 events):
Event: 16.394 Executing VM operation: G1CollectForAllocation
Event: 16.406 Executing VM operation: G1CollectForAllocation done
Event: 18.410 Executing VM operation: Cleanup
Event: 18.410 Executing VM operation: Cleanup done
Event: 19.423 Executing VM operation: Cleanup
Event: 19.423 Executing VM operation: Cleanup done
Event: 26.468 Executing VM operation: Cleanup
Event: 26.468 Executing VM operation: Cleanup done
Event: 36.519 Executing VM operation: Cleanup
Event: 36.519 Executing VM operation: Cleanup done
Event: 38.533 Executing VM operation: Cleanup
Event: 38.533 Executing VM operation: Cleanup done
Event: 39.534 Executing VM operation: Cleanup
Event: 39.534 Executing VM operation: Cleanup done
Event: 42.322 Executing VM operation: HandshakeAllThreads
Event: 42.325 Executing VM operation: HandshakeAllThreads done
Event: 42.325 Executing VM operation: Cleanup
Event: 42.325 Executing VM operation: Cleanup done
Event: 42.328 Executing VM operation: HandshakeAllThreads
Event: 42.328 Executing VM operation: HandshakeAllThreads done

Memory protections (0 events):
No events

Nmethod flushes (20 events):
Event: 15.614 Thread 0x0000020953ced8a0 flushing  nmethod 0x0000020940b7ce90
Event: 15.614 Thread 0x0000020953ced8a0 flushing  nmethod 0x0000020940b7d190
Event: 15.614 Thread 0x0000020953ced8a0 flushing  nmethod 0x0000020940b7d710
Event: 15.614 Thread 0x0000020953ced8a0 flushing  nmethod 0x0000020940b7df10
Event: 15.614 Thread 0x0000020953ced8a0 flushing  nmethod 0x0000020940b7e890
Event: 15.614 Thread 0x0000020953ced8a0 flushing  nmethod 0x0000020940b7f090
Event: 15.614 Thread 0x0000020953ced8a0 flushing  nmethod 0x0000020940bc3e90
Event: 15.614 Thread 0x0000020953ced8a0 flushing  nmethod 0x0000020940bc4490
Event: 15.614 Thread 0x0000020953ced8a0 flushing  nmethod 0x0000020940bc4a10
Event: 15.614 Thread 0x0000020953ced8a0 flushing  nmethod 0x0000020940bc8790
Event: 15.614 Thread 0x0000020953ced8a0 flushing  nmethod 0x0000020940bc8b90
Event: 15.614 Thread 0x0000020953ced8a0 flushing  nmethod 0x0000020940bc8f90
Event: 15.614 Thread 0x0000020953ced8a0 flushing  nmethod 0x0000020940bc9710
Event: 15.614 Thread 0x0000020953ced8a0 flushing  nmethod 0x0000020940bc9b90
Event: 15.614 Thread 0x0000020953ced8a0 flushing osr nmethod 0x0000020940bc9f90
Event: 15.614 Thread 0x0000020953ced8a0 flushing  nmethod 0x0000020940be0190
Event: 15.614 Thread 0x0000020953ced8a0 flushing  nmethod 0x0000020940be3910
Event: 15.614 Thread 0x0000020953ced8a0 flushing  nmethod 0x0000020940be4f10
Event: 15.614 Thread 0x0000020953ced8a0 flushing  nmethod 0x0000020940be6590
Event: 15.614 Thread 0x0000020953ced8a0 flushing  nmethod 0x0000020940cd2510

Events (20 events):
Event: 16.260 Thread 0x0000020999f3ef40 Thread added: 0x000002099d3839f0
Event: 16.272 Thread 0x0000020999f3ef40 Thread added: 0x000002099d37e8f0
Event: 16.273 Thread 0x000002099d37e8f0 Thread exited: 0x000002099d37e8f0
Event: 16.273 Thread 0x0000020999f3ef40 Thread added: 0x000002099d382ac0
Event: 16.336 Thread 0x0000020999f3ef40 Thread added: 0x000002099d385850
Event: 16.336 Thread 0x0000020999f3ef40 Thread added: 0x000002099d385d60
Event: 16.336 Thread 0x0000020999f3ef40 Thread added: 0x000002099d381170
Event: 16.336 Thread 0x0000020999f3ef40 Thread added: 0x000002099d384e30
Event: 16.336 Thread 0x0000020999f3ef40 Thread added: 0x000002099d382fd0
Event: 16.336 Thread 0x0000020999f3ef40 Thread added: 0x000002099d385340
Event: 16.336 Thread 0x0000020999f3ef40 Thread added: 0x000002099d37e8f0
Event: 16.336 Thread 0x0000020999f3ef40 Thread added: 0x000002099d386270
Event: 16.336 Thread 0x0000020999f3ef40 Thread added: 0x000002099d37f310
Event: 16.336 Thread 0x0000020999f3ef40 Thread added: 0x000002099d37ee00
Event: 16.360 Thread 0x0000020999f3ef40 Thread added: 0x000002099d37f820
Event: 16.363 Thread 0x0000020999f3ef40 Thread added: 0x000002099d3834e0
Event: 16.429 Thread 0x0000020999f3ef40 Thread exited: 0x0000020999f3ef40
Event: 16.434 Thread 0x0000020999feac70 Thread exited: 0x0000020999feac70
Event: 16.436 Thread 0x0000020938179c80 Thread exited: 0x0000020938179c80
Event: 16.436 Thread 0x000002099d37fd30 Thread added: 0x000002099d37fd30


Dynamic libraries:
0x00007ff666100000 - 0x00007ff66610e000 	C:\Users\phamh\.jdks\corretto-17.0.14\bin\java.exe
0x00007ff80cfb0000 - 0x00007ff80d1c7000 	C:\WINDOWS\SYSTEM32\ntdll.dll
0x00007ff80bf80000 - 0x00007ff80c044000 	C:\WINDOWS\System32\KERNEL32.DLL
0x00007ff80a200000 - 0x00007ff80a5d3000 	C:\WINDOWS\System32\KERNELBASE.dll
0x00007ff80a7e0000 - 0x00007ff80a8f1000 	C:\WINDOWS\System32\ucrtbase.dll
0x00007ff806140000 - 0x00007ff806157000 	C:\Users\phamh\.jdks\corretto-17.0.14\bin\jli.dll
0x00007ff802580000 - 0x00007ff80259b000 	C:\Users\phamh\.jdks\corretto-17.0.14\bin\VCRUNTIME140.dll
0x00007ff80b0e0000 - 0x00007ff80b291000 	C:\WINDOWS\System32\USER32.dll
0x00007ff80a1d0000 - 0x00007ff80a1f6000 	C:\WINDOWS\System32\win32u.dll
0x00007ffff0890000 - 0x00007ffff0b2b000 	C:\WINDOWS\WinSxS\amd64_microsoft.windows.common-controls_6595b64144ccf1df_6.0.22621.5262_none_2712bde373830908\COMCTL32.dll
0x00007ff80cd10000 - 0x00007ff80cdb7000 	C:\WINDOWS\System32\msvcrt.dll
0x00007ff80c060000 - 0x00007ff80c089000 	C:\WINDOWS\System32\GDI32.dll
0x00007ff80ab10000 - 0x00007ff80ac32000 	C:\WINDOWS\System32\gdi32full.dll
0x00007ff80a900000 - 0x00007ff80a99a000 	C:\WINDOWS\System32\msvcp_win.dll
0x00007ff80bb40000 - 0x00007ff80bb71000 	C:\WINDOWS\System32\IMM32.DLL
0x00007ff803e30000 - 0x00007ff803e3c000 	C:\Users\phamh\.jdks\corretto-17.0.14\bin\vcruntime140_1.dll
0x00007ffff4ab0000 - 0x00007ffff4b3d000 	C:\Users\phamh\.jdks\corretto-17.0.14\bin\msvcp140.dll
0x00007fff8c110000 - 0x00007fff8cd7c000 	C:\Users\phamh\.jdks\corretto-17.0.14\bin\server\jvm.dll
0x00007ff80bec0000 - 0x00007ff80bf71000 	C:\WINDOWS\System32\ADVAPI32.dll
0x00007ff80b400000 - 0x00007ff80b4a7000 	C:\WINDOWS\System32\sechost.dll
0x00007ff80a1a0000 - 0x00007ff80a1c8000 	C:\WINDOWS\System32\bcrypt.dll
0x00007ff80cba0000 - 0x00007ff80ccb4000 	C:\WINDOWS\System32\RPCRT4.dll
0x00007ff80bc90000 - 0x00007ff80bd01000 	C:\WINDOWS\System32\WS2_32.dll
0x00007ff809dc0000 - 0x00007ff809e0d000 	C:\WINDOWS\SYSTEM32\POWRPROF.dll
0x00007ff803930000 - 0x00007ff803964000 	C:\WINDOWS\SYSTEM32\WINMM.dll
0x00007ff804aa0000 - 0x00007ff804aaa000 	C:\WINDOWS\SYSTEM32\VERSION.dll
0x00007ff809d90000 - 0x00007ff809da3000 	C:\WINDOWS\SYSTEM32\UMPDC.dll
0x00007ff8090a0000 - 0x00007ff8090b8000 	C:\WINDOWS\SYSTEM32\kernel.appcore.dll
0x00007ff803ca0000 - 0x00007ff803caa000 	C:\Users\phamh\.jdks\corretto-17.0.14\bin\jimage.dll
0x00007ff807a80000 - 0x00007ff807cb2000 	C:\WINDOWS\SYSTEM32\DBGHELP.DLL
0x00007ff80b560000 - 0x00007ff80b8f3000 	C:\WINDOWS\System32\combase.dll
0x00007ff80cac0000 - 0x00007ff80cb97000 	C:\WINDOWS\System32\OLEAUT32.dll
0x00007fffb7d10000 - 0x00007fffb7d42000 	C:\WINDOWS\SYSTEM32\dbgcore.DLL
0x00007ff80a120000 - 0x00007ff80a19b000 	C:\WINDOWS\System32\bcryptPrimitives.dll
0x00007ff803bd0000 - 0x00007ff803bde000 	C:\Users\phamh\.jdks\corretto-17.0.14\bin\instrument.dll
0x00007ffff58b0000 - 0x00007ffff58d5000 	C:\Users\phamh\.jdks\corretto-17.0.14\bin\java.dll
0x00007fffc17c0000 - 0x00007fffc1897000 	C:\Users\phamh\.jdks\corretto-17.0.14\bin\jsvml.dll
0x00007ff80c1a0000 - 0x00007ff80ca3d000 	C:\WINDOWS\System32\SHELL32.dll
0x00007ff80a6a0000 - 0x00007ff80a7df000 	C:\WINDOWS\System32\wintypes.dll
0x00007ff807f90000 - 0x00007ff8088ad000 	C:\WINDOWS\SYSTEM32\windows.storage.dll
0x00007ff80bb80000 - 0x00007ff80bc8b000 	C:\WINDOWS\System32\SHCORE.dll
0x00007ff80b4d0000 - 0x00007ff80b536000 	C:\WINDOWS\System32\shlwapi.dll
0x00007ff809fd0000 - 0x00007ff809ffb000 	C:\WINDOWS\SYSTEM32\profapi.dll
0x00007ffff4a50000 - 0x00007ffff4a68000 	C:\Users\phamh\.jdks\corretto-17.0.14\bin\zip.dll
0x00007ffff4a90000 - 0x00007ffff4aa9000 	C:\Users\phamh\.jdks\corretto-17.0.14\bin\net.dll
0x00007ff805060000 - 0x00007ff80518c000 	C:\WINDOWS\SYSTEM32\WINHTTP.dll
0x00007ff809520000 - 0x00007ff80958a000 	C:\WINDOWS\system32\mswsock.dll
0x00007ffff4a70000 - 0x00007ffff4a86000 	C:\Users\phamh\.jdks\corretto-17.0.14\bin\nio.dll
0x00007ff8014a0000 - 0x00007ff8014a9000 	C:\Users\phamh\.jdks\corretto-17.0.14\bin\extnet.dll
0x00007ffff58a0000 - 0x00007ffff58b0000 	C:\Users\phamh\.jdks\corretto-17.0.14\bin\verify.dll
0x00007ffff4a40000 - 0x00007ffff4a49000 	C:\Users\phamh\.jdks\corretto-17.0.14\bin\management.dll
0x00007ffff4a30000 - 0x00007ffff4a3b000 	C:\Users\phamh\.jdks\corretto-17.0.14\bin\management_ext.dll
0x00007ff80ce50000 - 0x00007ff80ce58000 	C:\WINDOWS\System32\PSAPI.DLL
0x00007ffff4ee0000 - 0x00007ffff4eee000 	C:\Users\phamh\.jdks\corretto-17.0.14\bin\sunmscapi.dll
0x00007ff80a9a0000 - 0x00007ff80ab07000 	C:\WINDOWS\System32\CRYPT32.dll
0x00007ff8099e0000 - 0x00007ff809a0d000 	C:\WINDOWS\SYSTEM32\ncrypt.dll
0x00007ff8099a0000 - 0x00007ff8099d7000 	C:\WINDOWS\SYSTEM32\NTASN1.dll
0x00007ff809740000 - 0x00007ff80975b000 	C:\WINDOWS\SYSTEM32\CRYPTSP.dll
0x00007ff809000000 - 0x00007ff809037000 	C:\WINDOWS\system32\rsaenh.dll
0x00007ff8095e0000 - 0x00007ff809608000 	C:\WINDOWS\SYSTEM32\USERENV.dll
0x00007ff809760000 - 0x00007ff80976c000 	C:\WINDOWS\SYSTEM32\CRYPTBASE.dll
0x00007ff808b10000 - 0x00007ff808b3d000 	C:\WINDOWS\SYSTEM32\IPHLPAPI.DLL
0x00007ff80c050000 - 0x00007ff80c059000 	C:\WINDOWS\System32\NSI.dll
0x00007ff804930000 - 0x00007ff804949000 	C:\WINDOWS\SYSTEM32\dhcpcsvc6.DLL
0x00007ff805190000 - 0x00007ff8051af000 	C:\WINDOWS\SYSTEM32\dhcpcsvc.DLL
0x00007ff808b80000 - 0x00007ff808c78000 	C:\WINDOWS\SYSTEM32\DNSAPI.dll
0x000000005d700000 - 0x000000005d726000 	C:\Program Files\Bonjour\mdnsNSP.dll
0x00007ff804920000 - 0x00007ff80492a000 	C:\Windows\System32\rasadhlp.dll
0x00007ff804500000 - 0x00007ff804583000 	C:\WINDOWS\System32\fwpuclnt.dll
0x00007fffbc910000 - 0x00007fffbc918000 	C:\WINDOWS\system32\wshunix.dll

dbghelp: loaded successfully - version: 4.0.5 - missing functions: none
symbol engine: initialized successfully - sym options: 0x614 - pdb path: .;C:\Users\phamh\.jdks\corretto-17.0.14\bin;C:\WINDOWS\SYSTEM32;C:\WINDOWS\WinSxS\amd64_microsoft.windows.common-controls_6595b64144ccf1df_6.0.22621.5262_none_2712bde373830908;C:\Users\phamh\.jdks\corretto-17.0.14\bin\server;C:\Program Files\Bonjour

VM Arguments:
jvm_args: -javaagent:D:\IntelliJ IDEA Community Edition 2024.3.5\lib\idea_rt.jar=55125 -Dfile.encoding=UTF-8 
java_command: com.moviebooking.MovieBookingApplication
java_class_path (initial): C:\Users\phamh\OneDrive\Desktop\moviebooking - Sao chp\target\classes;C:\Users\phamh\.m2\repository\org\springframework\boot\spring-boot-starter-data-jpa\3.4.5\spring-boot-starter-data-jpa-3.4.5.jar;C:\Users\phamh\.m2\repository\org\springframework\boot\spring-boot-starter\3.4.5\spring-boot-starter-3.4.5.jar;C:\Users\phamh\.m2\repository\org\springframework\boot\spring-boot-starter-logging\3.4.5\spring-boot-starter-logging-3.4.5.jar;C:\Users\phamh\.m2\repository\org\apache\logging\log4j\log4j-to-slf4j\2.24.3\log4j-to-slf4j-2.24.3.jar;C:\Users\phamh\.m2\repository\org\apache\logging\log4j\log4j-api\2.24.3\log4j-api-2.24.3.jar;C:\Users\phamh\.m2\repository\org\slf4j\jul-to-slf4j\2.0.17\jul-to-slf4j-2.0.17.jar;C:\Users\phamh\.m2\repository\jakarta\annotation\jakarta.annotation-api\2.1.1\jakarta.annotation-api-2.1.1.jar;C:\Users\phamh\.m2\repository\org\yaml\snakeyaml\2.3\snakeyaml-2.3.jar;C:\Users\phamh\.m2\repository\org\springframework\boot\spring-boot-starter-jdbc\3.4.5\spring-boot-starter-jdbc-3.4.5.jar;C:\Users\phamh\.m2\repository\com\zaxxer\HikariCP\5.1.0\HikariCP-5.1.0.jar;C:\Users\phamh\.m2\repository\org\springframework\spring-jdbc\6.2.6\spring-jdbc-6.2.6.jar;C:\Users\phamh\.m2\repository\org\hibernate\orm\hibernate-core\6.6.13.Final\hibernate-core-6.6.13.Final.jar;C:\Users\phamh\.m2\repository\jakarta\persistence\jakarta.persistence-api\3.1.0\jakarta.persistence-api-3.1.0.jar;C:\Users\phamh\.m2\repository\jakarta\transaction\jakarta.transaction-api\2.0.1\jakarta.transaction-api-2.0.1.jar;C:\Users\phamh\.m2\repository\org\jboss\logging\jboss-logging\3.6.1.Final\jboss-logging-3.6.1.Final.jar;C:\Users\phamh\.m2\repository\org\hibernate\common\hibernate-commons-annotations\7.0.3.Final\hibernate-commons-annotations-7.0.3.Final.jar;C:\Users\phamh\.m2\repository\io\smallrye\jandex\3.2.0\jandex-3.2.0.jar;C:\Users\phamh\.m2\repository\com\fasterxml\classmate\1.7.0\classmate-1.7.0.jar;C:\Users\phamh\.m2\repository\net\bytebuddy\byte-buddy
Launcher Type: SUN_STANDARD

[Global flags]
     intx CICompilerCount                          = 4                                         {product} {ergonomic}
     uint ConcGCThreads                            = 2                                         {product} {ergonomic}
     uint G1ConcRefinementThreads                  = 8                                         {product} {ergonomic}
   size_t G1HeapRegionSize                         = 1048576                                   {product} {ergonomic}
    uintx GCDrainStackTargetSize                   = 64                                        {product} {ergonomic}
   size_t InitialHeapSize                          = 62914560                                  {product} {ergonomic}
   size_t MarkStackSize                            = 4194304                                   {product} {ergonomic}
   size_t MaxHeapSize                              = 994050048                                 {product} {ergonomic}
   size_t MaxNewSize                               = 595591168                                 {product} {ergonomic}
   size_t MinHeapDeltaBytes                        = 1048576                                   {product} {ergonomic}
   size_t MinHeapSize                              = 8388608                                   {product} {ergonomic}
    uintx NonNMethodCodeHeapSize                   = 5839372                                {pd product} {ergonomic}
    uintx NonProfiledCodeHeapSize                  = 122909434                              {pd product} {ergonomic}
    uintx ProfiledCodeHeapSize                     = 122909434                              {pd product} {ergonomic}
    uintx ReservedCodeCacheSize                    = 251658240                              {pd product} {ergonomic}
     bool SegmentedCodeCache                       = true                                      {product} {ergonomic}
   size_t SoftMaxHeapSize                          = 994050048                              {manageable} {ergonomic}
     bool UseCompressedClassPointers               = true                           {product lp64_product} {ergonomic}
     bool UseCompressedOops                        = true                           {product lp64_product} {ergonomic}
     bool UseG1GC                                  = true                                      {product} {ergonomic}
     bool UseLargePagesIndividualAllocation        = false                                  {pd product} {ergonomic}

Logging:
Log output configuration:
 #0: stdout all=warning uptime,level,tags
 #1: stderr all=off uptime,level,tags

Environment Variables:
JAVA_HOME=C:\Program Files\Java\jdk-15.0.2
PATH=C:\Program Files\Common Files\Oracle\Java\javapath;C:\WINDOWS\system32;C:\WINDOWS;C:\WINDOWS\System32\Wbem;C:\WINDOWS\System32\WindowsPowerShell\v1.0\;C:\WINDOWS\System32\OpenSSH\;C:\Program Files (x86)\Microsoft SQL Server\160\Tools\Binn\;C:\Program Files\Microsoft SQL Server\160\Tools\Binn\;C:\Program Files\Microsoft SQL Server\Client SDK\ODBC\170\Tools\Binn\;C:\Program Files\Microsoft SQL Server\160\DTS\Binn\;C:\Program Files (x86)\Microsoft SQL Server\160\DTS\Binn\;C:\Program Files\Java\jdk-15.0.2\bin;C:\MinGW\bin;C:\Program Files\dotnet\;C:\Program Files\Git\cmd;C:\Program Files\Microsoft SQL Server\150\Tools\Binn\;C:\Program Files\Cloudflare\Cloudflare WARP\;C:\Users\phamh\AppData\Local\nvm;C:\nvm4w\nodejs;d:\Trae\bin;C:\Users\phamh\AppData\Local\Microsoft\WindowsApps;C:\Program Files\Azure Data Studio\bin;C:\Users\phamh\AppData\Local\Programs\Microsoft VS Code\bin;C:\Users\phamh\.dotnet\tools;D:\IntelliJ IDEA 2024.3.5\bin;;C:\Users\phamh\.dotnet\tools;D:\IntelliJ IDEA Community Edition 2024.3.5\bin;;C:\Users\phamh\AppData\Local\nvm;C:\nvm4w\nodejs
USERNAME=phamh
OS=Windows_NT
PROCESSOR_IDENTIFIER=Intel64 Family 6 Model 140 Stepping 1, GenuineIntel
TMP=C:\Users\phamh\AppData\Local\Temp
TEMP=C:\Users\phamh\AppData\Local\Temp



Periodic native trim disabled


---------------  S Y S T E M  ---------------

OS:
 Windows 11 , 64 bit Build 22621 (10.0.22621.5262)
OS uptime: 0 days 1:26 hours
Hyper-V role detected

CPU: total 8 (initial active 8) (4 cores per cpu, 2 threads per core) family 6 model 140 stepping 1 microcode 0x86, cx8, cmov, fxsr, ht, mmx, 3dnowpref, sse, sse2, sse3, ssse3, sse4.1, sse4.2, popcnt, lzcnt, tsc, tscinvbit, avx, avx2, aes, erms, clmul, bmi1, bmi2, adx, avx512f, avx512dq, avx512cd, avx512bw, avx512vl, sha, fma, vzeroupper, avx512_vpopcntdq, avx512_vpclmulqdq, avx512_vaes, avx512_vnni, clflush, clflushopt, clwb, avx512_vbmi2, avx512_vbmi, hv
Processor Information for processor 0
  Max Mhz: 2419, Current Mhz: 2419, Mhz Limit: 2419
Processor Information for processor 1
  Max Mhz: 2419, Current Mhz: 1209, Mhz Limit: 2419
Processor Information for processor 2
  Max Mhz: 2419, Current Mhz: 2419, Mhz Limit: 2419
Processor Information for processor 3
  Max Mhz: 2419, Current Mhz: 2419, Mhz Limit: 2419
Processor Information for processor 4
  Max Mhz: 2419, Current Mhz: 2419, Mhz Limit: 2419
Processor Information for processor 5
  Max Mhz: 2419, Current Mhz: 2419, Mhz Limit: 2419
Processor Information for processor 6
  Max Mhz: 2419, Current Mhz: 2419, Mhz Limit: 2419
Processor Information for processor 7
  Max Mhz: 2419, Current Mhz: 2419, Mhz Limit: 2419

Memory: 4k page, system-wide physical 3790M (40M free)
TotalPageFile size 15566M (AvailPageFile size 35M)
current process WorkingSet (physical memory assigned to process): 121M, peak: 354M
current process commit charge ("private bytes"): 603M, peak: 609M

vm_info: OpenJDK 64-Bit Server VM (17.0.14+7-LTS) for windows-amd64 JRE (17.0.14+7-LTS), built on Jan  7 2025 20:14:24 by "Administrator" with MS VC++ 16.10 / 16.11 (VS2019)

END.
